Added Component: Designator=C101(CAP6.3)
Add component. Clean all parameters for all variants
Add component (AddParameter): Name = "Voltage"; Value = "35V"; VariantName = "[No Variations]"
Added Component: Designator=C102(SMD1206CAP)
Add component. Clean all parameters for all variants
Add component (AddParameter): Name = "Voltage"; Value = "25V"; VariantName = "[No Variations]"
Added Component: Designator=C103(SMD1206CAP)
Add component. Clean all parameters for all variants
Add component (AddParameter): Name = "Voltage"; Value = "25V"; VariantName = "[No Variations]"
Added Component: Designator=C104(SMD1206CAP)
Add component. Clean all parameters for all variants
Add component (AddParameter): Name = "Voltage"; Value = "16V"; VariantName = "[No Variations]"
Added Component: Designator=C105(SMD1206CAP)
Add component. Clean all parameters for all variants
Add component (AddParameter): Name = "Voltage"; Value = "25V"; VariantName = "[No Variations]"
Added Component: Designator=C106(CAP6.3)
Add component. Clean all parameters for all variants
Add component (AddParameter): Name = "Voltage"; Value = "35V"; VariantName = "[No Variations]"
Added Component: Designator=C107(CAP6.3)
Add component. Clean all parameters for all variants
Add component (AddParameter): Name = "Voltage"; Value = "35V"; VariantName = "[No Variations]"
Added Component: Designator=C108(CAP6.3)
Add component. Clean all parameters for all variants
Add component (AddParameter): Name = "Voltage"; Value = "35V"; VariantName = "[No Variations]"
Added Component: Designator=C109(CAP6.3)
Add component. Clean all parameters for all variants
Add component (AddParameter): Name = "Voltage"; Value = "35V"; VariantName = "[No Variations]"
Added Component: Designator=C110(CAP6.3)
Add component. Clean all parameters for all variants
Add component (AddParameter): Name = "Voltage"; Value = "35V"; VariantName = "[No Variations]"
Added Component: Designator=C111(CAP6.3)
Add component. Clean all parameters for all variants
Add component (AddParameter): Name = "Voltage"; Value = "35V"; VariantName = "[No Variations]"
Added Component: Designator=C112(CAP6.3)
Add component. Clean all parameters for all variants
Add component (AddParameter): Name = "Voltage"; Value = "35V"; VariantName = "[No Variations]"
Added Component: Designator=C113(SMD1206CAP)
Add component. Clean all parameters for all variants
Add component (AddParameter): Name = "Voltage"; Value = "25V"; VariantName = "[No Variations]"
Added Component: Designator=C114(SMD1206CAP)
Add component. Clean all parameters for all variants
Add component (AddParameter): Name = "Voltage"; Value = "25V"; VariantName = "[No Variations]"
Added Component: Designator=C115(SMD1206CAP)
Add component. Clean all parameters for all variants
Add component (AddParameter): Name = "Voltage"; Value = "16V"; VariantName = "[No Variations]"
Added Component: Designator=C116(SMD1206CAP)
Add component. Clean all parameters for all variants
Add component (AddParameter): Name = "Voltage"; Value = "25V"; VariantName = "[No Variations]"
Added Component: Designator=C117(CAP6.3)
Add component. Clean all parameters for all variants
Add component (AddParameter): Name = "Voltage"; Value = "35V"; VariantName = "[No Variations]"
Added Component: Designator=C118(SMD1206CAP)
Add component. Clean all parameters for all variants
Add component (AddParameter): Name = "Voltage"; Value = "25V"; VariantName = "[No Variations]"
Added Component: Designator=C119(SMD1206CAP)
Add component. Clean all parameters for all variants
Add component (AddParameter): Name = "Voltage"; Value = "25V"; VariantName = "[No Variations]"
Added Component: Designator=C120(SMD1206CAP)
Add component. Clean all parameters for all variants
Add component (AddParameter): Name = "Voltage"; Value = "16V"; VariantName = "[No Variations]"
Added Component: Designator=C121(SMD0402CAP)
Add component. Clean all parameters for all variants
Add component (AddParameter): Name = "Voltage"; Value = ""; VariantName = "[No Variations]"
Added Component: Designator=C132(CAP6.3)
Add component. Clean all parameters for all variants
Add component (AddParameter): Name = "Voltage"; Value = "35V"; VariantName = "[No Variations]"
Added Component: Designator=C133(SMD1206CAP)
Add component. Clean all parameters for all variants
Add component (AddParameter): Name = "Voltage"; Value = "25V"; VariantName = "[No Variations]"
Added Component: Designator=C134(SMD1206CAP)
Add component. Clean all parameters for all variants
Add component (AddParameter): Name = "Voltage"; Value = "25V"; VariantName = "[No Variations]"
Added Component: Designator=C135(SMD1206CAP)
Add component. Clean all parameters for all variants
Add component (AddParameter): Name = "Voltage"; Value = "25V"; VariantName = "[No Variations]"
Added Component: Designator=C200_DACA(SMD0402CAP)
Add component. Clean all parameters for all variants
Add component (AddParameter): Name = "Voltage"; Value = "V"; VariantName = "[No Variations]"
Added Component: Designator=C200_DACB(SMD0402CAP)
Add component. Clean all parameters for all variants
Add component (AddParameter): Name = "Voltage"; Value = "V"; VariantName = "[No Variations]"
Added Component: Designator=C201_DACA(SMD0603CAP)
Add component. Clean all parameters for all variants
Add component (AddParameter): Name = "Voltage"; Value = "100V"; VariantName = "[No Variations]"
Added Component: Designator=C201_DACB(SMD0603CAP)
Add component. Clean all parameters for all variants
Add component (AddParameter): Name = "Voltage"; Value = "100V"; VariantName = "[No Variations]"
Added Component: Designator=C202_DACA(SMD0402CAP)
Add component. Clean all parameters for all variants
Add component (AddParameter): Name = "Voltage"; Value = "V"; VariantName = "[No Variations]"
Added Component: Designator=C202_DACB(SMD0402CAP)
Add component. Clean all parameters for all variants
Add component (AddParameter): Name = "Voltage"; Value = "V"; VariantName = "[No Variations]"
Added Component: Designator=C203_DACA(SMD0603CAP)
Add component. Clean all parameters for all variants
Add component (AddParameter): Name = "Voltage"; Value = "100V"; VariantName = "[No Variations]"
Added Component: Designator=C203_DACB(SMD0603CAP)
Add component. Clean all parameters for all variants
Add component (AddParameter): Name = "Voltage"; Value = "100V"; VariantName = "[No Variations]"
Added Component: Designator=C204_DACA(SMD0603CAP)
Add component. Clean all parameters for all variants
Add component (AddParameter): Name = "Voltage"; Value = "100V"; VariantName = "[No Variations]"
Added Component: Designator=C204_DACB(SMD0603CAP)
Add component. Clean all parameters for all variants
Add component (AddParameter): Name = "Voltage"; Value = "100V"; VariantName = "[No Variations]"
Added Component: Designator=C205_DACA(SMD0402CAP)
Add component. Clean all parameters for all variants
Add component (AddParameter): Name = "Voltage"; Value = "V"; VariantName = "[No Variations]"
Added Component: Designator=C205_DACB(SMD0402CAP)
Add component. Clean all parameters for all variants
Add component (AddParameter): Name = "Voltage"; Value = "V"; VariantName = "[No Variations]"
Added Component: Designator=C206_DACA(SMD0402CAP)
Add component. Clean all parameters for all variants
Add component (AddParameter): Name = "Voltage"; Value = "V"; VariantName = "[No Variations]"
Added Component: Designator=C206_DACB(SMD0402CAP)
Add component. Clean all parameters for all variants
Add component (AddParameter): Name = "Voltage"; Value = "V"; VariantName = "[No Variations]"
Added Component: Designator=C207_DACA(SMD0603CAP)
Add component. Clean all parameters for all variants
Add component (AddParameter): Name = "Voltage"; Value = "100V"; VariantName = "[No Variations]"
Added Component: Designator=C207_DACB(SMD0603CAP)
Add component. Clean all parameters for all variants
Add component (AddParameter): Name = "Voltage"; Value = "100V"; VariantName = "[No Variations]"
Added Component: Designator=C208_DACA(SMD0603CAP)
Add component. Clean all parameters for all variants
Add component (AddParameter): Name = "Voltage"; Value = "100V"; VariantName = "[No Variations]"
Added Component: Designator=C208_DACB(SMD0603CAP)
Add component. Clean all parameters for all variants
Add component (AddParameter): Name = "Voltage"; Value = "100V"; VariantName = "[No Variations]"
Added Component: Designator=C209_DACA(SMD0402CAP)
Add component. Clean all parameters for all variants
Add component (AddParameter): Name = "Voltage"; Value = "V"; VariantName = "[No Variations]"
Added Component: Designator=C209_DACB(SMD0402CAP)
Add component. Clean all parameters for all variants
Add component (AddParameter): Name = "Voltage"; Value = "V"; VariantName = "[No Variations]"
Added Component: Designator=C210_DACA(SMD0402CAP)
Add component. Clean all parameters for all variants
Add component (AddParameter): Name = "Voltage"; Value = "V"; VariantName = "[No Variations]"
Added Component: Designator=C210_DACB(SMD0402CAP)
Add component. Clean all parameters for all variants
Add component (AddParameter): Name = "Voltage"; Value = "V"; VariantName = "[No Variations]"
Added Component: Designator=C211_DACA(SMD0603CAP)
Add component. Clean all parameters for all variants
Add component (AddParameter): Name = "Voltage"; Value = "100V"; VariantName = "[No Variations]"
Added Component: Designator=C211_DACB(SMD0603CAP)
Add component. Clean all parameters for all variants
Add component (AddParameter): Name = "Voltage"; Value = "100V"; VariantName = "[No Variations]"
Added Component: Designator=C212_DACA(SMD0402CAP)
Add component. Clean all parameters for all variants
Add component (AddParameter): Name = "Voltage"; Value = "V"; VariantName = "[No Variations]"
Added Component: Designator=C212_DACB(SMD0402CAP)
Add component. Clean all parameters for all variants
Add component (AddParameter): Name = "Voltage"; Value = "V"; VariantName = "[No Variations]"
Added Component: Designator=C213_DACA(SMD0603CAP)
Add component. Clean all parameters for all variants
Add component (AddParameter): Name = "Voltage"; Value = "100V"; VariantName = "[No Variations]"
Added Component: Designator=C213_DACB(SMD0603CAP)
Add component. Clean all parameters for all variants
Add component (AddParameter): Name = "Voltage"; Value = "100V"; VariantName = "[No Variations]"
Added Component: Designator=C214_DACA(SMD0603CAP)
Add component. Clean all parameters for all variants
Add component (AddParameter): Name = "Voltage"; Value = "100V"; VariantName = "[No Variations]"
Added Component: Designator=C214_DACB(SMD0603CAP)
Add component. Clean all parameters for all variants
Add component (AddParameter): Name = "Voltage"; Value = "100V"; VariantName = "[No Variations]"
Added Component: Designator=C215_DACA(SMD0402CAP)
Add component. Clean all parameters for all variants
Add component (AddParameter): Name = "Voltage"; Value = "V"; VariantName = "[No Variations]"
Added Component: Designator=C215_DACB(SMD0402CAP)
Add component. Clean all parameters for all variants
Add component (AddParameter): Name = "Voltage"; Value = "V"; VariantName = "[No Variations]"
Added Component: Designator=C216_DACA(SMD0402CAP)
Add component. Clean all parameters for all variants
Add component (AddParameter): Name = "Voltage"; Value = "V"; VariantName = "[No Variations]"
Added Component: Designator=C216_DACB(SMD0402CAP)
Add component. Clean all parameters for all variants
Add component (AddParameter): Name = "Voltage"; Value = "V"; VariantName = "[No Variations]"
Added Component: Designator=C217_DACA(SMD0603CAP)
Add component. Clean all parameters for all variants
Add component (AddParameter): Name = "Voltage"; Value = "100V"; VariantName = "[No Variations]"
Added Component: Designator=C217_DACB(SMD0603CAP)
Add component. Clean all parameters for all variants
Add component (AddParameter): Name = "Voltage"; Value = "100V"; VariantName = "[No Variations]"
Added Component: Designator=C218_DACA(SMD0603CAP)
Add component. Clean all parameters for all variants
Add component (AddParameter): Name = "Voltage"; Value = "V"; VariantName = "[No Variations]"
Added Component: Designator=C218_DACB(SMD0603CAP)
Add component. Clean all parameters for all variants
Add component (AddParameter): Name = "Voltage"; Value = "V"; VariantName = "[No Variations]"
Added Component: Designator=C219_DACA(SMD0402CAP)
Add component. Clean all parameters for all variants
Add component (AddParameter): Name = "Voltage"; Value = "V"; VariantName = "[No Variations]"
Added Component: Designator=C219_DACB(SMD0402CAP)
Add component. Clean all parameters for all variants
Add component (AddParameter): Name = "Voltage"; Value = "V"; VariantName = "[No Variations]"
Added Component: Designator=C220_DACA(SMD0603CAP)
Add component. Clean all parameters for all variants
Add component (AddParameter): Name = "Voltage"; Value = "V"; VariantName = "[No Variations]"
Added Component: Designator=C220_DACB(SMD0603CAP)
Add component. Clean all parameters for all variants
Add component (AddParameter): Name = "Voltage"; Value = "V"; VariantName = "[No Variations]"
Added Component: Designator=C221_DACA(SMD0603CAP)
Add component. Clean all parameters for all variants
Add component (AddParameter): Name = "Voltage"; Value = "100V"; VariantName = "[No Variations]"
Added Component: Designator=C221_DACB(SMD0603CAP)
Add component. Clean all parameters for all variants
Add component (AddParameter): Name = "Voltage"; Value = "100V"; VariantName = "[No Variations]"
Added Component: Designator=C222_DACA(CAP6.3)
Add component. Clean all parameters for all variants
Add component (AddParameter): Name = "Voltage"; Value = ""; VariantName = "[No Variations]"
Added Component: Designator=C222_DACB(CAP6.3)
Add component. Clean all parameters for all variants
Add component (AddParameter): Name = "Voltage"; Value = ""; VariantName = "[No Variations]"
Added Component: Designator=C223_DACA(CAP6.3)
Add component. Clean all parameters for all variants
Add component (AddParameter): Name = "Voltage"; Value = ""; VariantName = "[No Variations]"
Added Component: Designator=C223_DACB(CAP6.3)
Add component. Clean all parameters for all variants
Add component (AddParameter): Name = "Voltage"; Value = ""; VariantName = "[No Variations]"
Added Component: Designator=C224_DACA(CAP6.3)
Add component. Clean all parameters for all variants
Add component (AddParameter): Name = "Voltage"; Value = ""; VariantName = "[No Variations]"
Added Component: Designator=C224_DACB(CAP6.3)
Add component. Clean all parameters for all variants
Add component (AddParameter): Name = "Voltage"; Value = ""; VariantName = "[No Variations]"
Added Component: Designator=C225_DACA(SMD0603CAP)
Add component. Clean all parameters for all variants
Add component (AddParameter): Name = "Voltage"; Value = "V"; VariantName = "[No Variations]"
Added Component: Designator=C225_DACB(SMD0603CAP)
Add component. Clean all parameters for all variants
Add component (AddParameter): Name = "Voltage"; Value = "V"; VariantName = "[No Variations]"
Added Component: Designator=C226_DACA(SMD0402CAP)
Add component. Clean all parameters for all variants
Add component (AddParameter): Name = "Voltage"; Value = "V"; VariantName = "[No Variations]"
Added Component: Designator=C226_DACB(SMD0402CAP)
Add component. Clean all parameters for all variants
Add component (AddParameter): Name = "Voltage"; Value = "V"; VariantName = "[No Variations]"
Added Component: Designator=C227_DACA(SMD0603CAP)
Add component. Clean all parameters for all variants
Add component (AddParameter): Name = "Voltage"; Value = "V"; VariantName = "[No Variations]"
Added Component: Designator=C227_DACB(SMD0603CAP)
Add component. Clean all parameters for all variants
Add component (AddParameter): Name = "Voltage"; Value = "V"; VariantName = "[No Variations]"
Added Component: Designator=C228_DACA(SMD0402CAP)
Add component. Clean all parameters for all variants
Add component (AddParameter): Name = "Voltage"; Value = "V"; VariantName = "[No Variations]"
Added Component: Designator=C228_DACB(SMD0402CAP)
Add component. Clean all parameters for all variants
Add component (AddParameter): Name = "Voltage"; Value = "V"; VariantName = "[No Variations]"
Added Component: Designator=C229_DACA(SMD0603CAP)
Add component. Clean all parameters for all variants
Add component (AddParameter): Name = "Voltage"; Value = "V"; VariantName = "[No Variations]"
Added Component: Designator=C229_DACB(SMD0603CAP)
Add component. Clean all parameters for all variants
Add component (AddParameter): Name = "Voltage"; Value = "V"; VariantName = "[No Variations]"
Added Component: Designator=C230_DACA(CAP6.3)
Add component. Clean all parameters for all variants
Add component (AddParameter): Name = "Voltage"; Value = ""; VariantName = "[No Variations]"
Added Component: Designator=C230_DACB(CAP6.3)
Add component. Clean all parameters for all variants
Add component (AddParameter): Name = "Voltage"; Value = ""; VariantName = "[No Variations]"
Added Component: Designator=C231_DACA(SMD0603CAP)
Add component. Clean all parameters for all variants
Add component (AddParameter): Name = "Voltage"; Value = "100V"; VariantName = "[No Variations]"
Added Component: Designator=C231_DACB(SMD0603CAP)
Add component. Clean all parameters for all variants
Add component (AddParameter): Name = "Voltage"; Value = "100V"; VariantName = "[No Variations]"
Added Component: Designator=C232_DACA(CAP6.3)
Add component. Clean all parameters for all variants
Add component (AddParameter): Name = "Voltage"; Value = ""; VariantName = "[No Variations]"
Added Component: Designator=C232_DACB(CAP6.3)
Add component. Clean all parameters for all variants
Add component (AddParameter): Name = "Voltage"; Value = ""; VariantName = "[No Variations]"
Added Component: Designator=C233_DACA(CAP6.3)
Add component. Clean all parameters for all variants
Add component (AddParameter): Name = "Voltage"; Value = ""; VariantName = "[No Variations]"
Added Component: Designator=C233_DACB(CAP6.3)
Add component. Clean all parameters for all variants
Add component (AddParameter): Name = "Voltage"; Value = ""; VariantName = "[No Variations]"
Added Component: Designator=C234_DACA(SMD0402CAP)
Add component. Clean all parameters for all variants
Add component (AddParameter): Name = "Voltage"; Value = "V"; VariantName = "[No Variations]"
Added Component: Designator=C234_DACB(SMD0402CAP)
Add component. Clean all parameters for all variants
Add component (AddParameter): Name = "Voltage"; Value = "V"; VariantName = "[No Variations]"
Added Component: Designator=D100(LED)
Add component. Clean all parameters for all variants
Added Component: Designator=D101(LED)
Add component. Clean all parameters for all variants
Added Component: Designator=D102(LED)
Add component. Clean all parameters for all variants
Added Component: Designator=J100(1861946)
Add component. Clean all parameters for all variants
Added Component: Designator=R100(SMD0603RES)
Add component. Clean all parameters for all variants
Added Component: Designator=R101(SMD0603RES)
Add component. Clean all parameters for all variants
Added Component: Designator=R102(SMD0603RES)
Add component. Clean all parameters for all variants
Added Component: Designator=R104(SMD0603RES)
Add component. Clean all parameters for all variants
Added Component: Designator=R105(SMD0603RES)
Add component. Clean all parameters for all variants
Added Component: Designator=R106(SMD0603RES)
Add component. Clean all parameters for all variants
Added Component: Designator=R107(SMD0603RES)
Add component. Clean all parameters for all variants
Added Component: Designator=R108(SMD0603RES)
Add component. Clean all parameters for all variants
Added Component: Designator=R109(SMD0603RES)
Add component. Clean all parameters for all variants
Added Component: Designator=R110(SMD0603RES)
Add component. Clean all parameters for all variants
Added Component: Designator=R111(SMD0603RES)
Add component. Clean all parameters for all variants
Added Component: Designator=R112(SMD0603RES)
Add component. Clean all parameters for all variants
Added Component: Designator=R200_DACA(SMD0603RES)
Add component. Clean all parameters for all variants
Added Component: Designator=R200_DACB(SMD0603RES)
Add component. Clean all parameters for all variants
Added Component: Designator=R201_DACA(SMD0603RES)
Add component. Clean all parameters for all variants
Added Component: Designator=R201_DACB(SMD0603RES)
Add component. Clean all parameters for all variants
Added Component: Designator=R202_DACA(SMD0603RES)
Add component. Clean all parameters for all variants
Added Component: Designator=R202_DACB(SMD0603RES)
Add component. Clean all parameters for all variants
Added Component: Designator=R203_DACA(SMD0603RES)
Add component. Clean all parameters for all variants
Added Component: Designator=R203_DACB(SMD0603RES)
Add component. Clean all parameters for all variants
Added Component: Designator=R204_DACA(SMD0603RES)
Add component. Clean all parameters for all variants
Added Component: Designator=R204_DACB(SMD0603RES)
Add component. Clean all parameters for all variants
Added Component: Designator=R205_DACA(SMD0603RES)
Add component. Clean all parameters for all variants
Added Component: Designator=R205_DACB(SMD0603RES)
Add component. Clean all parameters for all variants
Added Component: Designator=R206_DACA(SMD0603RES)
Add component. Clean all parameters for all variants
Added Component: Designator=R206_DACB(SMD0603RES)
Add component. Clean all parameters for all variants
Added Component: Designator=R207_DACA(SMD0603RES)
Add component. Clean all parameters for all variants
Added Component: Designator=R207_DACB(SMD0603RES)
Add component. Clean all parameters for all variants
Added Component: Designator=R208_DACA(SMD0603RES)
Add component. Clean all parameters for all variants
Added Component: Designator=R208_DACB(SMD0603RES)
Add component. Clean all parameters for all variants
Added Component: Designator=R209_DACA(SMD0603RES)
Add component. Clean all parameters for all variants
Added Component: Designator=R209_DACB(SMD0603RES)
Add component. Clean all parameters for all variants
Added Component: Designator=R210_DACA(SMD0603RES)
Add component. Clean all parameters for all variants
Added Component: Designator=R210_DACB(SMD0603RES)
Add component. Clean all parameters for all variants
Added Component: Designator=R211_DACA(SMD0603RES)
Add component. Clean all parameters for all variants
Added Component: Designator=R211_DACB(SMD0603RES)
Add component. Clean all parameters for all variants
Added Component: Designator=R212_DACA(SMD0603RES)
Add component. Clean all parameters for all variants
Added Component: Designator=R212_DACB(SMD0603RES)
Add component. Clean all parameters for all variants
Added Component: Designator=R213_DACA(SMD0603RES)
Add component. Clean all parameters for all variants
Added Component: Designator=R213_DACB(SMD0603RES)
Add component. Clean all parameters for all variants
Added Component: Designator=R214_DACA(SMD0603RES)
Add component. Clean all parameters for all variants
Added Component: Designator=R214_DACB(SMD0603RES)
Add component. Clean all parameters for all variants
Added Component: Designator=R215_DACA(SMD0603RES)
Add component. Clean all parameters for all variants
Added Component: Designator=R215_DACB(SMD0603RES)
Add component. Clean all parameters for all variants
Added Component: Designator=R216_DACA(SMD0603RES)
Add component. Clean all parameters for all variants
Added Component: Designator=R216_DACB(SMD0603RES)
Add component. Clean all parameters for all variants
Added Component: Designator=R217_DACA(SMD0603RES)
Add component. Clean all parameters for all variants
Added Component: Designator=R217_DACB(SMD0603RES)
Add component. Clean all parameters for all variants
Added Component: Designator=R218_DACA(SMD0603RES)
Add component. Clean all parameters for all variants
Added Component: Designator=R218_DACB(SMD0603RES)
Add component. Clean all parameters for all variants
Added Component: Designator=R219_DACA(SMD0603RES)
Add component. Clean all parameters for all variants
Added Component: Designator=R219_DACB(SMD0603RES)
Add component. Clean all parameters for all variants
Added Component: Designator=R220_DACA(SMD0603RES)
Add component. Clean all parameters for all variants
Added Component: Designator=R220_DACB(SMD0603RES)
Add component. Clean all parameters for all variants
Added Component: Designator=R221_DACA(SMD0603RES)
Add component. Clean all parameters for all variants
Added Component: Designator=R221_DACB(SMD0603RES)
Add component. Clean all parameters for all variants
Added Component: Designator=R222_DACA(SMD0603RES)
Add component. Clean all parameters for all variants
Added Component: Designator=R222_DACB(SMD0603RES)
Add component. Clean all parameters for all variants
Added Component: Designator=R223_DACA(SMD0603RES)
Add component. Clean all parameters for all variants
Added Component: Designator=R223_DACB(SMD0603RES)
Add component. Clean all parameters for all variants
Added Component: Designator=R224_DACA(SMD0603RES)
Add component. Clean all parameters for all variants
Added Component: Designator=R224_DACB(SMD0603RES)
Add component. Clean all parameters for all variants
Added Component: Designator=R225_DACA(SMD0603RES)
Add component. Clean all parameters for all variants
Added Component: Designator=R225_DACB(SMD0603RES)
Add component. Clean all parameters for all variants
Added Component: Designator=R226_DACA(SMD0603RES)
Add component. Clean all parameters for all variants
Added Component: Designator=R226_DACB(SMD0603RES)
Add component. Clean all parameters for all variants
Added Component: Designator=R227_DACA(SMD0603RES)
Add component. Clean all parameters for all variants
Added Component: Designator=R227_DACB(SMD0603RES)
Add component. Clean all parameters for all variants
Added Component: Designator=R228_DACA(SMD0603RES)
Add component. Clean all parameters for all variants
Added Component: Designator=R228_DACB(SMD0603RES)
Add component. Clean all parameters for all variants
Added Component: Designator=R229_DACA(SMD0603RES)
Add component. Clean all parameters for all variants
Added Component: Designator=R229_DACB(SMD0603RES)
Add component. Clean all parameters for all variants
Added Component: Designator=TP100(TP)
Add component. Clean all parameters for all variants
Added Component: Designator=TP101(TP)
Add component. Clean all parameters for all variants
Added Component: Designator=TP102(TP)
Add component. Clean all parameters for all variants
Added Component: Designator=TP103(TP)
Add component. Clean all parameters for all variants
Added Component: Designator=TP104(TP)
Add component. Clean all parameters for all variants
Added Component: Designator=TP105(TP)
Add component. Clean all parameters for all variants
Added Component: Designator=TP106(TP)
Add component. Clean all parameters for all variants
Added Component: Designator=TP107(TP)
Add component. Clean all parameters for all variants
Added Component: Designator=U100(MSOP12)
Add component. Clean all parameters for all variants
Added Component: Designator=U101(MSOP12)
Add component. Clean all parameters for all variants
Added Component: Designator=U102(MSOP12)
Add component. Clean all parameters for all variants
Added Component: Designator=U103(SOIC8-PG)
Add component. Clean all parameters for all variants
Added Component: Designator=U200_DACA(SOIC8)
Add component. Clean all parameters for all variants
Added Component: Designator=U200_DACB(SOIC8)
Add component. Clean all parameters for all variants
Added Component: Designator=U201_DACA(LQFP48)
Add component. Clean all parameters for all variants
Added Component: Designator=U201_DACB(LQFP48)
Add component. Clean all parameters for all variants
Added Component: Designator=U202_DACA(SOIC8)
Add component. Clean all parameters for all variants
Added Component: Designator=U202_DACB(SOIC8)
Add component. Clean all parameters for all variants
Added Pin To Net: NetName=AGND Pin=C101-M
Added Pin To Net: NetName=AGND Pin=C102-1
Added Pin To Net: NetName=AGND Pin=C103-1
Added Pin To Net: NetName=A+12V Pin=C103-2
Added Pin To Net: NetName=AGND Pin=C104-1
Added Pin To Net: NetName=A+12V Pin=C104-2
Added Pin To Net: NetName=AGND Pin=C105-2
Added Pin To Net: NetName=AGND Pin=C106-M
Added Pin To Net: NetName=AGND Pin=C107-M
Added Pin To Net: NetName=AGND Pin=C108-M
Added Pin To Net: NetName=AGND Pin=C109-P
Added Pin To Net: NetName=AGND Pin=C110-P
Added Pin To Net: NetName=AGND Pin=C111-P
Added Pin To Net: NetName=AGND Pin=C112-M
Added Pin To Net: NetName=AGND Pin=C113-1
Added Pin To Net: NetName=AGND Pin=C114-1
Added Pin To Net: NetName=A-12V Pin=C114-2
Added Pin To Net: NetName=AGND Pin=C115-1
Added Pin To Net: NetName=A-12V Pin=C115-2
Added Pin To Net: NetName=AGND Pin=C116-2
Added Pin To Net: NetName=AGND Pin=C117-M
Added Pin To Net: NetName=AGND Pin=C118-1
Added Pin To Net: NetName=AGND Pin=C119-1
Added Pin To Net: NetName=A+5V Pin=C119-2
Added Pin To Net: NetName=AGND Pin=C120-1
Added Pin To Net: NetName=A+5V Pin=C120-2
Added Pin To Net: NetName=D+3.3V Pin=C121-1
Added Pin To Net: NetName=AGND Pin=C132-M
Added Pin To Net: NetName=AGND Pin=C133-1
Added Pin To Net: NetName=AGND Pin=C134-1
Added Pin To Net: NetName=D+3.3V Pin=C134-2
Added Pin To Net: NetName=AGND Pin=C135-2
Added Pin To Net: NetName=AGND Pin=C200_DACA-1
Added Pin To Net: NetName=A+5V Pin=C200_DACA-2
Added Pin To Net: NetName=AGND Pin=C200_DACB-1
Added Pin To Net: NetName=A+5V Pin=C200_DACB-2
Added Pin To Net: NetName=AGND Pin=C201_DACA-1
Added Pin To Net: NetName=A+5V Pin=C201_DACA-2
Added Pin To Net: NetName=AGND Pin=C201_DACB-1
Added Pin To Net: NetName=A+5V Pin=C201_DACB-2
Added Pin To Net: NetName=AGND Pin=C202_DACA-1
Added Pin To Net: NetName=A+12V Pin=C202_DACA-2
Added Pin To Net: NetName=AGND Pin=C202_DACB-1
Added Pin To Net: NetName=A+12V Pin=C202_DACB-2
Added Pin To Net: NetName=AGND Pin=C203_DACA-1
Added Pin To Net: NetName=A+12V Pin=C203_DACA-2
Added Pin To Net: NetName=AGND Pin=C203_DACB-1
Added Pin To Net: NetName=A+12V Pin=C203_DACB-2
Added Pin To Net: NetName=A-12V Pin=C204_DACA-1
Added Pin To Net: NetName=AGND Pin=C204_DACA-2
Added Pin To Net: NetName=A-12V Pin=C204_DACB-1
Added Pin To Net: NetName=AGND Pin=C204_DACB-2
Added Pin To Net: NetName=AGND Pin=C205_DACA-1
Added Pin To Net: NetName=A-12V Pin=C205_DACA-2
Added Pin To Net: NetName=AGND Pin=C205_DACB-1
Added Pin To Net: NetName=A-12V Pin=C205_DACB-2
Added Pin To Net: NetName=AGND Pin=C206_DACA-1
Added Pin To Net: NetName=A+5V Pin=C206_DACA-2
Added Pin To Net: NetName=AGND Pin=C206_DACB-1
Added Pin To Net: NetName=A+5V Pin=C206_DACB-2
Added Pin To Net: NetName=AGND Pin=C207_DACA-1
Added Pin To Net: NetName=A+5V Pin=C207_DACA-2
Added Pin To Net: NetName=AGND Pin=C207_DACB-1
Added Pin To Net: NetName=A+5V Pin=C207_DACB-2
Added Pin To Net: NetName=AGND Pin=C208_DACA-1
Added Pin To Net: NetName=LDO+1.8V_DACA Pin=C208_DACA-2
Added Pin To Net: NetName=AGND Pin=C208_DACB-1
Added Pin To Net: NetName=LDO+1.8V_DACB Pin=C208_DACB-2
Added Pin To Net: NetName=AGND Pin=C209_DACA-1
Added Pin To Net: NetName=LDO+1.8V_DACA Pin=C209_DACA-2
Added Pin To Net: NetName=AGND Pin=C209_DACB-1
Added Pin To Net: NetName=LDO+1.8V_DACB Pin=C209_DACB-2
Added Pin To Net: NetName=AGND Pin=C210_DACA-1
Added Pin To Net: NetName=A+3.3V Pin=C210_DACA-2
Added Pin To Net: NetName=AGND Pin=C210_DACB-1
Added Pin To Net: NetName=A+3.3V Pin=C210_DACB-2
Added Pin To Net: NetName=AGND Pin=C211_DACA-1
Added Pin To Net: NetName=A+3.3V Pin=C211_DACA-2
Added Pin To Net: NetName=AGND Pin=C211_DACB-1
Added Pin To Net: NetName=A+3.3V Pin=C211_DACB-2
Added Pin To Net: NetName=AGND Pin=C212_DACA-1
Added Pin To Net: NetName=A+12V Pin=C212_DACA-2
Added Pin To Net: NetName=AGND Pin=C212_DACB-1
Added Pin To Net: NetName=A+12V Pin=C212_DACB-2
Added Pin To Net: NetName=AGND Pin=C213_DACA-1
Added Pin To Net: NetName=A+12V Pin=C213_DACA-2
Added Pin To Net: NetName=AGND Pin=C213_DACB-1
Added Pin To Net: NetName=A+12V Pin=C213_DACB-2
Added Pin To Net: NetName=A-12V Pin=C214_DACA-1
Added Pin To Net: NetName=AGND Pin=C214_DACA-2
Added Pin To Net: NetName=A-12V Pin=C214_DACB-1
Added Pin To Net: NetName=AGND Pin=C214_DACB-2
Added Pin To Net: NetName=AGND Pin=C215_DACA-1
Added Pin To Net: NetName=A-12V Pin=C215_DACA-2
Added Pin To Net: NetName=AGND Pin=C215_DACB-1
Added Pin To Net: NetName=A-12V Pin=C215_DACB-2
Added Pin To Net: NetName=AGND Pin=C216_DACA-1
Added Pin To Net: NetName=D+3.3V Pin=C216_DACA-2
Added Pin To Net: NetName=AGND Pin=C216_DACB-1
Added Pin To Net: NetName=D+3.3V Pin=C216_DACB-2
Added Pin To Net: NetName=AGND Pin=C217_DACA-1
Added Pin To Net: NetName=D+3.3V Pin=C217_DACA-2
Added Pin To Net: NetName=AGND Pin=C217_DACB-1
Added Pin To Net: NetName=D+3.3V Pin=C217_DACB-2
Added Pin To Net: NetName=AOUT_DACA_N Pin=C218_DACA-1
Added Pin To Net: NetName=LP_DACA_N Pin=C218_DACA-2
Added Pin To Net: NetName=AOUT_DACB_N Pin=C218_DACB-1
Added Pin To Net: NetName=LP_DACB_N Pin=C218_DACB-2
Added Pin To Net: NetName=AGND Pin=C219_DACA-1
Added Pin To Net: NetName=AGND Pin=C219_DACB-1
Added Pin To Net: NetName=AOUT_DACA_P Pin=C227_DACA-1
Added Pin To Net: NetName=LP_DACA_P Pin=C227_DACA-2
Added Pin To Net: NetName=AOUT_DACB_P Pin=C227_DACB-1
Added Pin To Net: NetName=LP_DACB_P Pin=C227_DACB-2
Added Pin To Net: NetName=AGND Pin=C229_DACA-1
Added Pin To Net: NetName=AGND Pin=C229_DACB-1
Added Pin To Net: NetName=AGND Pin=C234_DACA-1
Added Pin To Net: NetName=AGND Pin=C234_DACB-1
Added Pin To Net: NetName=A+12V Pin=D100-A
Added Pin To Net: NetName=A-12V Pin=D101-C
Added Pin To Net: NetName=A+5V Pin=D102-A
Added Pin To Net: NetName=AGND Pin=J100-2
Added Pin To Net: NetName=AGND Pin=J100-2
Added Pin To Net: NetName=A+12V Pin=R100-2
Added Pin To Net: NetName=AGND Pin=R101-2
Added Pin To Net: NetName=AGND Pin=R102-1
Added Pin To Net: NetName=AGND Pin=R105-2
Added Pin To Net: NetName=AGND Pin=R106-1
Added Pin To Net: NetName=A-12V Pin=R108-2
Added Pin To Net: NetName=A+5V Pin=R109-2
Added Pin To Net: NetName=AGND Pin=R110-2
Added Pin To Net: NetName=AGND Pin=R111-1
Added Pin To Net: NetName=AOUT_DACA_N Pin=R205_DACA-2
Added Pin To Net: NetName=AOUT_DACB_N Pin=R205_DACB-2
Added Pin To Net: NetName=D+3.3V Pin=R207_DACA-2
Added Pin To Net: NetName=D+3.3V Pin=R207_DACB-2
Added Pin To Net: NetName=AGND Pin=R208_DACA-2
Added Pin To Net: NetName=AGND Pin=R208_DACB-2
Added Pin To Net: NetName=D+3.3V Pin=R210_DACA-2
Added Pin To Net: NetName=D+3.3V Pin=R210_DACB-2
Added Pin To Net: NetName=A+5V Pin=R211_DACA-2
Added Pin To Net: NetName=A+5V Pin=R211_DACB-2
Added Pin To Net: NetName=AGND Pin=R212_DACA-2
Added Pin To Net: NetName=AGND Pin=R212_DACB-2
Added Pin To Net: NetName=LP_DACA_N Pin=R213_DACA-2
Added Pin To Net: NetName=LP_DACB_N Pin=R213_DACB-2
Added Pin To Net: NetName=AOUT_DACA_P Pin=R215_DACA-1
Added Pin To Net: NetName=AOUT_DACB_P Pin=R215_DACB-1
Added Pin To Net: NetName=AGND Pin=R216_DACA-2
Added Pin To Net: NetName=AGND Pin=R216_DACB-2
Added Pin To Net: NetName=AOUT_DACA_N Pin=R217_DACA-1
Added Pin To Net: NetName=AOUT_DACB_N Pin=R217_DACB-1
Added Pin To Net: NetName=AGND Pin=R218_DACA-2
Added Pin To Net: NetName=AGND Pin=R218_DACB-2
Added Pin To Net: NetName=LP_DACA_P Pin=R219_DACA-2
Added Pin To Net: NetName=LP_DACB_P Pin=R219_DACB-2
Added Pin To Net: NetName=AGND Pin=R221_DACA-1
Added Pin To Net: NetName=AGND Pin=R221_DACB-1
Added Pin To Net: NetName=AOUT_DACA_N Pin=R222_DACA-1
Added Pin To Net: NetName=AOUT_DACB_N Pin=R222_DACB-1
Added Pin To Net: NetName=AGND Pin=R223_DACA-1
Added Pin To Net: NetName=AGND Pin=R223_DACB-1
Added Pin To Net: NetName=AGND Pin=R224_DACA-2
Added Pin To Net: NetName=AGND Pin=R224_DACB-2
Added Pin To Net: NetName=AGND Pin=R225_DACA-2
Added Pin To Net: NetName=AGND Pin=R225_DACB-2
Added Pin To Net: NetName=AOUT_DACA_P Pin=R226_DACA-1
Added Pin To Net: NetName=AOUT_DACB_P Pin=R226_DACB-1
Added Pin To Net: NetName=A+5V Pin=R227_DACA-1
Added Pin To Net: NetName=A+5V Pin=R227_DACB-1
Added Pin To Net: NetName=AOUT_DACA_P Pin=R228_DACA-2
Added Pin To Net: NetName=AOUT_DACB_P Pin=R228_DACB-2
Added Pin To Net: NetName=AGND Pin=R229_DACA-2
Added Pin To Net: NetName=AGND Pin=R229_DACB-2
Added Pin To Net: NetName=A+12V Pin=TP100-1
Added Pin To Net: NetName=AGND Pin=TP101-1
Added Pin To Net: NetName=A-12V Pin=TP102-1
Added Pin To Net: NetName=AGND Pin=TP103-1
Added Pin To Net: NetName=A+5V Pin=TP104-1
Added Pin To Net: NetName=D+3.3V Pin=TP105-1
Added Pin To Net: NetName=AGND Pin=TP106-1
Added Pin To Net: NetName=AGND Pin=TP107-1
Added Pin To Net: NetName=AGND Pin=U100-6
Added Pin To Net: NetName=AGND Pin=U100-9
Added Pin To Net: NetName=A+12V Pin=U100-10
Added Pin To Net: NetName=A+12V Pin=U100-11
Added Pin To Net: NetName=A+12V Pin=U100-12
Added Pin To Net: NetName=AGND Pin=U100-13
Added Pin To Net: NetName=AGND Pin=U101-6
Added Pin To Net: NetName=AGND Pin=U101-9
Added Pin To Net: NetName=A-12V Pin=U101-10
Added Pin To Net: NetName=A-12V Pin=U101-11
Added Pin To Net: NetName=A-12V Pin=U101-12
Added Pin To Net: NetName=AGND Pin=U101-13
Added Pin To Net: NetName=AGND Pin=U102-6
Added Pin To Net: NetName=AGND Pin=U102-9
Added Pin To Net: NetName=A+5V Pin=U102-10
Added Pin To Net: NetName=A+5V Pin=U102-11
Added Pin To Net: NetName=A+5V Pin=U102-12
Added Pin To Net: NetName=AGND Pin=U102-13
Added Pin To Net: NetName=D+3.3V Pin=U103-1
Added Pin To Net: NetName=D+3.3V Pin=U103-2
Added Pin To Net: NetName=AGND Pin=U103-3
Added Pin To Net: NetName=AGND Pin=U103-6
Added Pin To Net: NetName=AGND Pin=U103-7
Added Pin To Net: NetName=AGND Pin=U103-9
Added Pin To Net: NetName=LP_DACA_N Pin=U200_DACA-1
Added Pin To Net: NetName=LP_DACA_N Pin=U200_DACA-2
Added Pin To Net: NetName=A-12V Pin=U200_DACA-4
Added Pin To Net: NetName=LP_DACA_P Pin=U200_DACA-6
Added Pin To Net: NetName=LP_DACA_P Pin=U200_DACA-7
Added Pin To Net: NetName=A+12V Pin=U200_DACA-8
Added Pin To Net: NetName=LP_DACB_N Pin=U200_DACB-1
Added Pin To Net: NetName=LP_DACB_N Pin=U200_DACB-2
Added Pin To Net: NetName=A-12V Pin=U200_DACB-4
Added Pin To Net: NetName=LP_DACB_P Pin=U200_DACB-6
Added Pin To Net: NetName=LP_DACB_P Pin=U200_DACB-7
Added Pin To Net: NetName=A+12V Pin=U200_DACB-8
Added Pin To Net: NetName=LDO+1.8V_DACA Pin=U201_DACA-1
Added Pin To Net: NetName=AGND Pin=U201_DACA-6
Added Pin To Net: NetName=AGND Pin=U201_DACA-7
Added Pin To Net: NetName=AGND Pin=U201_DACA-13
Added Pin To Net: NetName=D+3.3V Pin=U201_DACA-14
Added Pin To Net: NetName=AGND Pin=U201_DACA-15
Added Pin To Net: NetName=D+3.3V Pin=U201_DACA-16
Added Pin To Net: NetName=AGND Pin=U201_DACA-24
Added Pin To Net: NetName=A+5V Pin=U201_DACA-27
Added Pin To Net: NetName=A+5V Pin=U201_DACA-28
Added Pin To Net: NetName=AGND Pin=U201_DACA-29
Added Pin To Net: NetName=AGND Pin=U201_DACA-30
Added Pin To Net: NetName=AGND Pin=U201_DACA-31
Added Pin To Net: NetName=AGND Pin=U201_DACA-32
Added Pin To Net: NetName=A+5V Pin=U201_DACA-33
Added Pin To Net: NetName=A+5V Pin=U201_DACA-34
Added Pin To Net: NetName=AGND Pin=U201_DACA-37
Added Pin To Net: NetName=AGND Pin=U201_DACA-43
Added Pin To Net: NetName=A+3.3V Pin=U201_DACA-44
Added Pin To Net: NetName=AGND Pin=U201_DACA-45
Added Pin To Net: NetName=AGND Pin=U201_DACA-47
Added Pin To Net: NetName=D+3.3V Pin=U201_DACA-48
Added Pin To Net: NetName=LDO+1.8V_DACB Pin=U201_DACB-1
Added Pin To Net: NetName=AGND Pin=U201_DACB-6
Added Pin To Net: NetName=AGND Pin=U201_DACB-7
Added Pin To Net: NetName=AGND Pin=U201_DACB-13
Added Pin To Net: NetName=D+3.3V Pin=U201_DACB-14
Added Pin To Net: NetName=AGND Pin=U201_DACB-15
Added Pin To Net: NetName=D+3.3V Pin=U201_DACB-16
Added Pin To Net: NetName=AGND Pin=U201_DACB-24
Added Pin To Net: NetName=A+5V Pin=U201_DACB-27
Added Pin To Net: NetName=A+5V Pin=U201_DACB-28
Added Pin To Net: NetName=AGND Pin=U201_DACB-29
Added Pin To Net: NetName=AGND Pin=U201_DACB-30
Added Pin To Net: NetName=AGND Pin=U201_DACB-31
Added Pin To Net: NetName=AGND Pin=U201_DACB-32
Added Pin To Net: NetName=A+5V Pin=U201_DACB-33
Added Pin To Net: NetName=A+5V Pin=U201_DACB-34
Added Pin To Net: NetName=AGND Pin=U201_DACB-37
Added Pin To Net: NetName=AGND Pin=U201_DACB-43
Added Pin To Net: NetName=A+3.3V Pin=U201_DACB-44
Added Pin To Net: NetName=AGND Pin=U201_DACB-45
Added Pin To Net: NetName=AGND Pin=U201_DACB-47
Added Pin To Net: NetName=D+3.3V Pin=U201_DACB-48
Added Pin To Net: NetName=A-12V Pin=U202_DACA-4
Added Pin To Net: NetName=A+12V Pin=U202_DACA-8
Added Pin To Net: NetName=A-12V Pin=U202_DACB-4
Added Pin To Net: NetName=A+12V Pin=U202_DACB-8
Added Pin To Net: NetName=+15V Pin=C101-P
Added Pin To Net: NetName=+15V Pin=C102-2
Added Pin To Net: NetName=+15V Pin=C106-P
Added Pin To Net: NetName=+15V Pin=C107-P
Added Pin To Net: NetName=+15V Pin=C108-P
Added Pin To Net: NetName=+15V Pin=C117-P
Added Pin To Net: NetName=+15V Pin=C118-2
Added Pin To Net: NetName=+15V Pin=C132-P
Added Pin To Net: NetName=+15V Pin=C133-2
Added Pin To Net: NetName=+15V Pin=J100-1
Added Pin To Net: NetName=+15V Pin=J100-1
Added Pin To Net: NetName=+15V Pin=U100-1
Added Pin To Net: NetName=+15V Pin=U100-2
Added Pin To Net: NetName=+15V Pin=U100-3
Added Pin To Net: NetName=+15V Pin=U100-4
Added Pin To Net: NetName=+15V Pin=U102-1
Added Pin To Net: NetName=+15V Pin=U102-2
Added Pin To Net: NetName=+15V Pin=U102-3
Added Pin To Net: NetName=+15V Pin=U102-4
Added Pin To Net: NetName=+15V Pin=U103-5
Added Pin To Net: NetName=+15V Pin=U103-8
Added Net: Name=+15V
Added Pin To Net: NetName=-15V Pin=C109-M
Added Pin To Net: NetName=-15V Pin=C110-M
Added Pin To Net: NetName=-15V Pin=C111-M
Added Pin To Net: NetName=-15V Pin=C112-P
Added Pin To Net: NetName=-15V Pin=C113-2
Added Pin To Net: NetName=-15V Pin=J100-3
Added Pin To Net: NetName=-15V Pin=J100-3
Added Pin To Net: NetName=-15V Pin=U101-1
Added Pin To Net: NetName=-15V Pin=U101-2
Added Pin To Net: NetName=-15V Pin=U101-3
Added Net: Name=-15V
Added Net: Name=1.5V_mSATA1
Added Net: Name=1.5V_PCIE1
Added Net: Name=3.3V_LED
Added Net: Name=3.3V_mSATA1
Added Net: Name=3.3V_PCIE1
Added Net: Name=3.3V_SW_EN#
Added Net: Name=3.3V_SW_EN_R#
Added Net: Name=3.3V_SW_EN
Added Net: Name=3.3V_SW
Added Net: Name=3.3V
Added Net: Name=5V_PGOOD
Added Net: Name=5V_SW
Added Net: Name=AN1_ADC0
Added Net: Name=AN1_ADC1
Added Net: Name=AN1_ADC2
Added Net: Name=AN1_TSMX
Added Net: Name=AN1_TSMY
Added Net: Name=AN1_TSPX
Added Net: Name=AN1_TSPY
Added Net: Name=AN1_TSWIP_ADC3
Added Net: Name=AN1_TSWIP
Added Net: Name=AVCC
Added Net: Name=BKL1_ON
Added Net: Name=ETH1_ACT_C
Added Net: Name=ETH1_ACT
Added Net: Name=ETH1_CTREF_0
Added Net: Name=ETH1_CTREF_1
Added Net: Name=ETH1_CTREF_2
Added Net: Name=ETH1_CTREF_3
Added Net: Name=ETH1_CTREF_ALL
Added Net: Name=ETH1_CTREF
Added Net: Name=ETH1_LINK_C
Added Net: Name=ETH1_LINK_GB
Added Net: Name=ETH1_LINK
Added Net: Name=ETH1_MDI0_N
Added Net: Name=ETH1_MDI0_P
Added Net: Name=ETH1_MDI1_N
Added Net: Name=ETH1_MDI1_P
Added Net: Name=ETH1_MDI2_N
Added Net: Name=ETH1_MDI2_P
Added Net: Name=ETH1_MDI3_N
Added Net: Name=ETH1_MDI3_P
Added Net: Name=FACTORY_DEFAULT#
Added Net: Name=FAN_EN#
Added Net: Name=FAN_EN_R
Added Net: Name=FAN_EN
Added Net: Name=FD/RM_BUTTON#
Added Net: Name=FORCE_OFF#
Added Net: Name=GND_IN
Added Net: Name=GND_USBH2
Added Net: Name=GND_USBH4
Added Net: Name=GND_USBO1
Added Net: Name=GPIO1
Added Net: Name=GPIO2
Added Net: Name=GPIO3
Added Net: Name=GPIO4
Added Net: Name=GPIO5
Added Net: Name=GPIO6
Added Net: Name=GPIO7
Added Net: Name=GPIO8
Added Net: Name=I2C1_EE_A0
Added Net: Name=I2C1_EE_A1
Added Net: Name=I2C1_EE_A2
Added Net: Name=I2C1_EE_WP
Added Net: Name=I2C1_SCL
Added Net: Name=I2C1_SDA
Added Net: Name=INT#
Added Net: Name=KILL#
Added Net: Name=LCD1_B2
Added Net: Name=LCD1_B3
Added Net: Name=LCD1_B4
Added Net: Name=LCD1_B5
Added Net: Name=LCD1_B6
Added Net: Name=LCD1_B7
Added Net: Name=LCD1_CONF1
Added Net: Name=LCD1_CONF2
Added Net: Name=LCD1_DE
Added Net: Name=LCD1_G2
Added Net: Name=LCD1_G3
Added Net: Name=LCD1_G4
Added Net: Name=LCD1_G5
Added Net: Name=LCD1_G6
Added Net: Name=LCD1_G7
Added Net: Name=LCD1_HSYNC
Added Net: Name=LCD1_PCLK
Added Net: Name=LCD1_R2
Added Net: Name=LCD1_R3
Added Net: Name=LCD1_R4
Added Net: Name=LCD1_R5
Added Net: Name=LCD1_R6
Added Net: Name=LCD1_R7
Added Net: Name=LCD1_VSYNC
Added Net: Name=LED_4_GREEN
Added Net: Name=LED_4_RED
Added Net: Name=LED_5_GREEN
Added Net: Name=LED_5_RED
Added Net: Name=mSATA1_FB
Added Net: Name=MXM3_1_M
Added Net: Name=MXM3_2_M
Added Net: Name=MXM3_3_M
Added Net: Name=MXM3_4_M
Added Net: Name=MXM3_5_M
Added Net: Name=MXM3_6_M
Added Net: Name=MXM3_7_M
Added Net: Name=MXM3_8_M
Added Net: Name=MXM3_11_M
Added Net: Name=MXM3_13_M
Added Net: Name=MXM3_15_M
Added Net: Name=MXM3_17_M
Added Net: Name=MXM3_24_M
Added Net: Name=MXM3_26_M
Added Net: Name=MXM3_28_M
Added Net: Name=MXM3_35_M
Added Net: Name=MXM3_37_M
Added Net: Name=MXM3_60_M
Added Net: Name=MXM3_72_M
Added Net: Name=MXM3_84_M
Added Net: Name=MXM3_96_M
Added Net: Name=MXM3_110_M
Added Net: Name=MXM3_112_M
Added Net: Name=MXM3_114_M
Added Net: Name=MXM3_116_M
Added Net: Name=MXM3_118_M
Added Net: Name=MXM3_120_M
Added Net: Name=MXM3_122_M
Added Net: Name=MXM3_124_M
Added Net: Name=MXM3_126_M
Added Net: Name=MXM3_128_M
Added Net: Name=MXM3_130_M
Added Net: Name=MXM3_132_M
Added Net: Name=MXM3_134_M
Added Net: Name=MXM3_136_M
Added Net: Name=MXM3_138_M
Added Net: Name=MXM3_140_M
Added Net: Name=MXM3_209_M
Added Net: Name=MXM3_211_M
Added Net: Name=MXM3_221_M
Added Net: Name=MXM3_223_M
Added Net: Name=MXM3_225_M
Added Net: Name=MXM3_227_M
Added Net: Name=MXM3_229_M
Added Net: Name=MXM3_231_M
Added Net: Name=MXM3_233_M
Added Net: Name=MXM3_235_M
Added Net: Name=MXM3_239_M
Added Net: Name=MXM3_243_M
Added Net: Name=MXM3_245_M
Added Net: Name=MXM3_247_M
Added Net: Name=MXM3_249_M
Added Net: Name=MXM3_255_M
Added Net: Name=MXM3_257_M
Added Net: Name=MXM3_259_M
Added Net: Name=MXM3_261_M
Added Net: Name=MXM3_262_M
Added Net: Name=MXM3_263_M
Added Net: Name=MXM3_265_M
Added Net: Name=MXM3_273_M
Added Net: Name=MXM3_274_M
Added Net: Name=MXM3_275_M
Added Net: Name=MXM3_277_M
Added Net: Name=MXM3_279_M
Added Net: Name=MXM3_281_M
Added Net: Name=MXM3_283_M
Added Net: Name=MXM3_286_M
Added Net: Name=MXM3_291_M
Added Net: Name=MXM3_293_M
Added Net: Name=MXM3_295_M
Added Net: Name=MXM3_297_M
Added Net: Name=MXM3_299_M
Added Net: Name=MXM3_301_M
Added Net: Name=NetC19_1
Added Net: Name=NetC19_2
Added Net: Name=NetC29_2
Added Net: Name=NetC33_1
Added Net: Name=NetC33_2
Added Net: Name=NetC34_2
Added Net: Name=NetC35_2
Added Net: Name=NetC40_2
Added Net: Name=NetC48_1
Added Net: Name=NetC49_1
Added Net: Name=NetC56_2
Added Net: Name=NetC59_2
Added Net: Name=NetC62_2
Added Pin To Net: NetName=NetC105_1 Pin=C105-1
Added Pin To Net: NetName=NetC105_1 Pin=R101-1
Added Pin To Net: NetName=NetC105_1 Pin=U100-8
Added Net: Name=NetC105_1
Added Pin To Net: NetName=NetC116_1 Pin=C116-1
Added Pin To Net: NetName=NetC116_1 Pin=R105-1
Added Pin To Net: NetName=NetC116_1 Pin=U101-8
Added Net: Name=NetC116_1
Added Pin To Net: NetName=NetC121_2 Pin=C121-2
Added Pin To Net: NetName=NetC121_2 Pin=U103-4
Added Net: Name=NetC121_2
Added Net: Name=NetC123_1
Added Net: Name=NetC124_2
Added Net: Name=NetC125_1
Added Net: Name=NetC125_2
Added Net: Name=NetC126_1
Added Net: Name=NetC126_2
Added Net: Name=NetC128_1
Added Net: Name=NetC129_2
Added Net: Name=NetC130_1
Added Net: Name=NetC130_2
Added Net: Name=NetC131_1
Added Net: Name=NetC131_2
Added Pin To Net: NetName=NetC135_1 Pin=C135-1
Added Pin To Net: NetName=NetC135_1 Pin=R110-1
Added Pin To Net: NetName=NetC135_1 Pin=U102-8
Added Net: Name=NetC135_1
Added Pin To Net: NetName=NetC219_DACA_2 Pin=C219_DACA-2
Added Pin To Net: NetName=NetC219_DACA_2 Pin=R205_DACA-1
Added Pin To Net: NetName=NetC219_DACA_2 Pin=U200_DACA-3
Added Net: Name=NetC219_DACA_2
Added Pin To Net: NetName=NetC219_DACB_2 Pin=C219_DACB-2
Added Pin To Net: NetName=NetC219_DACB_2 Pin=R205_DACB-1
Added Pin To Net: NetName=NetC219_DACB_2 Pin=U200_DACB-3
Added Net: Name=NetC219_DACB_2
Added Pin To Net: NetName=NetC220_DACA_1 Pin=C220_DACA-1
Added Pin To Net: NetName=NetC220_DACA_1 Pin=R209_DACA-1
Added Pin To Net: NetName=NetC220_DACA_1 Pin=U202_DACA-6
Added Net: Name=NetC220_DACA_1
Added Pin To Net: NetName=NetC220_DACA_2 Pin=C220_DACA-2
Added Pin To Net: NetName=NetC220_DACA_2 Pin=R214_DACA-2
Added Pin To Net: NetName=NetC220_DACA_2 Pin=U202_DACA-2
Added Net: Name=NetC220_DACA_2
Added Pin To Net: NetName=NetC220_DACB_1 Pin=C220_DACB-1
Added Pin To Net: NetName=NetC220_DACB_1 Pin=R209_DACB-1
Added Pin To Net: NetName=NetC220_DACB_1 Pin=U202_DACB-6
Added Net: Name=NetC220_DACB_1
Added Pin To Net: NetName=NetC220_DACB_2 Pin=C220_DACB-2
Added Pin To Net: NetName=NetC220_DACB_2 Pin=R214_DACB-2
Added Pin To Net: NetName=NetC220_DACB_2 Pin=U202_DACB-2
Added Net: Name=NetC220_DACB_2
Added Pin To Net: NetName=NetC221_DACA_1 Pin=C221_DACA-1
Added Pin To Net: NetName=NetC221_DACA_1 Pin=C222_DACA-M
Added Pin To Net: NetName=NetC221_DACA_1 Pin=C226_DACA-2
Added Pin To Net: NetName=NetC221_DACA_1 Pin=R218_DACA-1
Added Pin To Net: NetName=NetC221_DACA_1 Pin=U201_DACA-21
Added Pin To Net: NetName=NetC221_DACA_1 Pin=U201_DACA-22
Added Net: Name=NetC221_DACA_1
Added Pin To Net: NetName=NetC221_DACA_2 Pin=C221_DACA-2
Added Pin To Net: NetName=NetC221_DACA_2 Pin=C222_DACA-P
Added Pin To Net: NetName=NetC221_DACA_2 Pin=R211_DACA-1
Added Pin To Net: NetName=NetC221_DACA_2 Pin=U201_DACA-19
Added Pin To Net: NetName=NetC221_DACA_2 Pin=U201_DACA-20
Added Net: Name=NetC221_DACA_2
Added Pin To Net: NetName=NetC221_DACB_1 Pin=C221_DACB-1
Added Pin To Net: NetName=NetC221_DACB_1 Pin=C222_DACB-M
Added Pin To Net: NetName=NetC221_DACB_1 Pin=C226_DACB-2
Added Pin To Net: NetName=NetC221_DACB_1 Pin=R218_DACB-1
Added Pin To Net: NetName=NetC221_DACB_1 Pin=U201_DACB-21
Added Pin To Net: NetName=NetC221_DACB_1 Pin=U201_DACB-22
Added Net: Name=NetC221_DACB_1
Added Pin To Net: NetName=NetC221_DACB_2 Pin=C221_DACB-2
Added Pin To Net: NetName=NetC221_DACB_2 Pin=C222_DACB-P
Added Pin To Net: NetName=NetC221_DACB_2 Pin=R211_DACB-1
Added Pin To Net: NetName=NetC221_DACB_2 Pin=U201_DACB-19
Added Pin To Net: NetName=NetC221_DACB_2 Pin=U201_DACB-20
Added Net: Name=NetC221_DACB_2
Added Pin To Net: NetName=NetC223_DACA_M Pin=C223_DACA-M
Added Pin To Net: NetName=NetC223_DACA_M Pin=R215_DACA-2
Added Pin To Net: NetName=NetC223_DACA_M Pin=R216_DACA-1
Added Net: Name=NetC223_DACA_M
Added Pin To Net: NetName=NetC223_DACA_P Pin=C223_DACA-P
Added Pin To Net: NetName=NetC223_DACA_P Pin=U201_DACA-25
Added Net: Name=NetC223_DACA_P
Added Pin To Net: NetName=NetC223_DACB_M Pin=C223_DACB-M
Added Pin To Net: NetName=NetC223_DACB_M Pin=R215_DACB-2
Added Pin To Net: NetName=NetC223_DACB_M Pin=R216_DACB-1
Added Net: Name=NetC223_DACB_M
Added Pin To Net: NetName=NetC223_DACB_P Pin=C223_DACB-P
Added Pin To Net: NetName=NetC223_DACB_P Pin=U201_DACB-25
Added Net: Name=NetC223_DACB_P
Added Pin To Net: NetName=NetC224_DACA_M Pin=C224_DACA-M
Added Pin To Net: NetName=NetC224_DACA_M Pin=R217_DACA-2
Added Pin To Net: NetName=NetC224_DACA_M Pin=R225_DACA-1
Added Net: Name=NetC224_DACA_M
Added Pin To Net: NetName=NetC224_DACA_P Pin=C224_DACA-P
Added Pin To Net: NetName=NetC224_DACA_P Pin=U201_DACA-26
Added Net: Name=NetC224_DACA_P
Added Pin To Net: NetName=NetC224_DACB_M Pin=C224_DACB-M
Added Pin To Net: NetName=NetC224_DACB_M Pin=R217_DACB-2
Added Pin To Net: NetName=NetC224_DACB_M Pin=R225_DACB-1
Added Net: Name=NetC224_DACB_M
Added Pin To Net: NetName=NetC224_DACB_P Pin=C224_DACB-P
Added Pin To Net: NetName=NetC224_DACB_P Pin=U201_DACB-26
Added Net: Name=NetC224_DACB_P
Added Pin To Net: NetName=NetC225_DACA_1 Pin=C225_DACA-1
Added Pin To Net: NetName=NetC225_DACA_1 Pin=R209_DACA-2
Added Pin To Net: NetName=NetC225_DACA_1 Pin=R213_DACA-1
Added Pin To Net: NetName=NetC225_DACA_1 Pin=R214_DACA-1
Added Net: Name=NetC225_DACA_1
Added Pin To Net: NetName=NetC225_DACA_2 Pin=C225_DACA-2
Added Pin To Net: NetName=NetC225_DACA_2 Pin=R219_DACA-1
Added Pin To Net: NetName=NetC225_DACA_2 Pin=R220_DACA-1
Added Pin To Net: NetName=NetC225_DACA_2 Pin=R223_DACA-2
Added Net: Name=NetC225_DACA_2
Added Pin To Net: NetName=NetC225_DACB_1 Pin=C225_DACB-1
Added Pin To Net: NetName=NetC225_DACB_1 Pin=R209_DACB-2
Added Pin To Net: NetName=NetC225_DACB_1 Pin=R213_DACB-1
Added Pin To Net: NetName=NetC225_DACB_1 Pin=R214_DACB-1
Added Net: Name=NetC225_DACB_1
Added Pin To Net: NetName=NetC225_DACB_2 Pin=C225_DACB-2
Added Pin To Net: NetName=NetC225_DACB_2 Pin=R219_DACB-1
Added Pin To Net: NetName=NetC225_DACB_2 Pin=R220_DACB-1
Added Pin To Net: NetName=NetC225_DACB_2 Pin=R223_DACB-2
Added Net: Name=NetC225_DACB_2
Added Pin To Net: NetName=NetC226_DACA_1 Pin=C226_DACA-1
Added Pin To Net: NetName=NetC226_DACA_1 Pin=U201_DACA-23
Added Net: Name=NetC226_DACA_1
Added Pin To Net: NetName=NetC226_DACB_1 Pin=C226_DACB-1
Added Pin To Net: NetName=NetC226_DACB_1 Pin=U201_DACB-23
Added Net: Name=NetC226_DACB_1
Added Pin To Net: NetName=NetC228_DACA_1 Pin=C228_DACA-1
Added Pin To Net: NetName=NetC228_DACA_1 Pin=C231_DACA-2
Added Pin To Net: NetName=NetC228_DACA_1 Pin=C233_DACA-M
Added Pin To Net: NetName=NetC228_DACA_1 Pin=R221_DACA-2
Added Pin To Net: NetName=NetC228_DACA_1 Pin=U201_DACA-39
Added Pin To Net: NetName=NetC228_DACA_1 Pin=U201_DACA-40
Added Net: Name=NetC228_DACA_1
Added Pin To Net: NetName=NetC228_DACA_2 Pin=C228_DACA-2
Added Pin To Net: NetName=NetC228_DACA_2 Pin=U201_DACA-38
Added Net: Name=NetC228_DACA_2
Added Pin To Net: NetName=NetC228_DACB_1 Pin=C228_DACB-1
Added Pin To Net: NetName=NetC228_DACB_1 Pin=C231_DACB-2
Added Pin To Net: NetName=NetC228_DACB_1 Pin=C233_DACB-M
Added Pin To Net: NetName=NetC228_DACB_1 Pin=R221_DACB-2
Added Pin To Net: NetName=NetC228_DACB_1 Pin=U201_DACB-39
Added Pin To Net: NetName=NetC228_DACB_1 Pin=U201_DACB-40
Added Net: Name=NetC228_DACB_1
Added Pin To Net: NetName=NetC228_DACB_2 Pin=C228_DACB-2
Added Pin To Net: NetName=NetC228_DACB_2 Pin=U201_DACB-38
Added Net: Name=NetC228_DACB_2
Added Pin To Net: NetName=NetC229_DACA_2 Pin=C229_DACA-2
Added Pin To Net: NetName=NetC229_DACA_2 Pin=R220_DACA-2
Added Pin To Net: NetName=NetC229_DACA_2 Pin=U202_DACA-3
Added Net: Name=NetC229_DACA_2
Added Pin To Net: NetName=NetC229_DACB_2 Pin=C229_DACB-2
Added Pin To Net: NetName=NetC229_DACB_2 Pin=R220_DACB-2
Added Pin To Net: NetName=NetC229_DACB_2 Pin=U202_DACB-3
Added Net: Name=NetC229_DACB_2
Added Pin To Net: NetName=NetC230_DACA_M Pin=C230_DACA-M
Added Pin To Net: NetName=NetC230_DACA_M Pin=R222_DACA-2
Added Pin To Net: NetName=NetC230_DACA_M Pin=R224_DACA-1
Added Net: Name=NetC230_DACA_M
Added Pin To Net: NetName=NetC230_DACA_P Pin=C230_DACA-P
Added Pin To Net: NetName=NetC230_DACA_P Pin=U201_DACA-35
Added Net: Name=NetC230_DACA_P
Added Pin To Net: NetName=NetC230_DACB_M Pin=C230_DACB-M
Added Pin To Net: NetName=NetC230_DACB_M Pin=R222_DACB-2
Added Pin To Net: NetName=NetC230_DACB_M Pin=R224_DACB-1
Added Net: Name=NetC230_DACB_M
Added Pin To Net: NetName=NetC230_DACB_P Pin=C230_DACB-P
Added Pin To Net: NetName=NetC230_DACB_P Pin=U201_DACB-35
Added Net: Name=NetC230_DACB_P
Added Pin To Net: NetName=NetC231_DACA_1 Pin=C231_DACA-1
Added Pin To Net: NetName=NetC231_DACA_1 Pin=C233_DACA-P
Added Pin To Net: NetName=NetC231_DACA_1 Pin=R227_DACA-2
Added Pin To Net: NetName=NetC231_DACA_1 Pin=U201_DACA-41
Added Pin To Net: NetName=NetC231_DACA_1 Pin=U201_DACA-42
Added Net: Name=NetC231_DACA_1
Added Pin To Net: NetName=NetC231_DACB_1 Pin=C231_DACB-1
Added Pin To Net: NetName=NetC231_DACB_1 Pin=C233_DACB-P
Added Pin To Net: NetName=NetC231_DACB_1 Pin=R227_DACB-2
Added Pin To Net: NetName=NetC231_DACB_1 Pin=U201_DACB-41
Added Pin To Net: NetName=NetC231_DACB_1 Pin=U201_DACB-42
Added Net: Name=NetC231_DACB_1
Added Pin To Net: NetName=NetC232_DACA_M Pin=C232_DACA-M
Added Pin To Net: NetName=NetC232_DACA_M Pin=R226_DACA-2
Added Pin To Net: NetName=NetC232_DACA_M Pin=R229_DACA-1
Added Net: Name=NetC232_DACA_M
Added Pin To Net: NetName=NetC232_DACA_P Pin=C232_DACA-P
Added Pin To Net: NetName=NetC232_DACA_P Pin=U201_DACA-36
Added Net: Name=NetC232_DACA_P
Added Pin To Net: NetName=NetC232_DACB_M Pin=C232_DACB-M
Added Pin To Net: NetName=NetC232_DACB_M Pin=R226_DACB-2
Added Pin To Net: NetName=NetC232_DACB_M Pin=R229_DACB-1
Added Net: Name=NetC232_DACB_M
Added Pin To Net: NetName=NetC232_DACB_P Pin=C232_DACB-P
Added Pin To Net: NetName=NetC232_DACB_P Pin=U201_DACB-36
Added Net: Name=NetC232_DACB_P
Added Pin To Net: NetName=NetC234_DACA_2 Pin=C234_DACA-2
Added Pin To Net: NetName=NetC234_DACA_2 Pin=R228_DACA-1
Added Pin To Net: NetName=NetC234_DACA_2 Pin=U200_DACA-5
Added Net: Name=NetC234_DACA_2
Added Pin To Net: NetName=NetC234_DACB_2 Pin=C234_DACB-2
Added Pin To Net: NetName=NetC234_DACB_2 Pin=R228_DACB-1
Added Pin To Net: NetName=NetC234_DACB_2 Pin=U200_DACB-5
Added Net: Name=NetC234_DACB_2
Added Net: Name=NetD1_1
Added Net: Name=NetD3_2
Added Pin To Net: NetName=NetD100_C Pin=D100-C
Added Pin To Net: NetName=NetD100_C Pin=R104-2
Added Net: Name=NetD100_C
Added Pin To Net: NetName=NetD101_A Pin=D101-A
Added Pin To Net: NetName=NetD101_A Pin=R107-2
Added Net: Name=NetD101_A
Added Pin To Net: NetName=NetD102_C Pin=D102-C
Added Pin To Net: NetName=NetD102_C Pin=R112-2
Added Net: Name=NetD102_C
Added Net: Name=NetIC2_2
Added Net: Name=NetIC2_7
Added Net: Name=NetIC2_11
Added Net: Name=NetIC2_14
Added Net: Name=NetIC2_16
Added Net: Name=NetIC2_18
Added Net: Name=NetIC2_23
Added Net: Name=NetIC2_25
Added Net: Name=NetIC2_27
Added Net: Name=NetIC2_31
Added Net: Name=NetIC5_7
Added Net: Name=NetLED2_2
Added Net: Name=NetLED3_2
Added Net: Name=NetLED4_C1
Added Net: Name=NetLED4_C2
Added Net: Name=NetLED5_C1
Added Net: Name=NetLED5_C2
Added Net: Name=NetLED10_2
Added Net: Name=NetLED11_2
Added Net: Name=NetLED12_2
Added Net: Name=NetLED13_2
Added Net: Name=NetR4_2
Added Net: Name=NetR16_2
Added Net: Name=NetR44_2
Added Net: Name=NetR45_2
Added Net: Name=NetR66_1
Added Net: Name=NetR67_1
Added Pin To Net: NetName=NetR100_1 Pin=R100-1
Added Pin To Net: NetName=NetR100_1 Pin=R102-2
Added Pin To Net: NetName=NetR100_1 Pin=U100-7
Added Net: Name=NetR100_1
Added Pin To Net: NetName=NetR104_1 Pin=R104-1
Added Pin To Net: NetName=NetR104_1 Pin=U100-5
Added Net: Name=NetR104_1
Added Pin To Net: NetName=NetR106_2 Pin=R106-2
Added Pin To Net: NetName=NetR106_2 Pin=R108-1
Added Pin To Net: NetName=NetR106_2 Pin=U101-4
Added Net: Name=NetR106_2
Added Pin To Net: NetName=NetR107_1 Pin=R107-1
Added Pin To Net: NetName=NetR107_1 Pin=U101-5
Added Net: Name=NetR107_1
Added Pin To Net: NetName=NetR109_1 Pin=R109-1
Added Pin To Net: NetName=NetR109_1 Pin=R111-2
Added Pin To Net: NetName=NetR109_1 Pin=U102-7
Added Net: Name=NetR109_1
Added Pin To Net: NetName=NetR112_1 Pin=R112-1
Added Pin To Net: NetName=NetR112_1 Pin=U102-5
Added Net: Name=NetR112_1
Added Net: Name=NetR115_2
Added Pin To Net: NetName=NetR200_DACA_1 Pin=R200_DACA-1
Added Pin To Net: NetName=NetR200_DACA_1 Pin=U201_DACA-46
Added Net: Name=NetR200_DACA_1
Added Pin To Net: NetName=NetR200_DACA_2 Pin=R200_DACA-2
Added Net: Name=NetR200_DACA_2
Added Pin To Net: NetName=NetR200_DACB_1 Pin=R200_DACB-1
Added Pin To Net: NetName=NetR200_DACB_1 Pin=U201_DACB-46
Added Net: Name=NetR200_DACB_1
Added Pin To Net: NetName=NetR200_DACB_2 Pin=R200_DACB-2
Added Net: Name=NetR200_DACB_2
Added Pin To Net: NetName=NetR201_DACA_1 Pin=R201_DACA-1
Added Pin To Net: NetName=NetR201_DACA_1 Pin=U201_DACA-3
Added Net: Name=NetR201_DACA_1
Added Pin To Net: NetName=NetR201_DACA_2 Pin=R201_DACA-2
Added Net: Name=NetR201_DACA_2
Added Pin To Net: NetName=NetR201_DACB_1 Pin=R201_DACB-1
Added Pin To Net: NetName=NetR201_DACB_1 Pin=U201_DACB-3
Added Net: Name=NetR201_DACB_1
Added Pin To Net: NetName=NetR201_DACB_2 Pin=R201_DACB-2
Added Net: Name=NetR201_DACB_2
Added Pin To Net: NetName=NetR202_DACA_1 Pin=R202_DACA-1
Added Pin To Net: NetName=NetR202_DACA_1 Pin=U201_DACA-5
Added Net: Name=NetR202_DACA_1
Added Pin To Net: NetName=NetR202_DACA_2 Pin=R202_DACA-2
Added Net: Name=NetR202_DACA_2
Added Pin To Net: NetName=NetR202_DACB_1 Pin=R202_DACB-1
Added Pin To Net: NetName=NetR202_DACB_1 Pin=U201_DACB-5
Added Net: Name=NetR202_DACB_1
Added Pin To Net: NetName=NetR202_DACB_2 Pin=R202_DACB-2
Added Net: Name=NetR202_DACB_2
Added Pin To Net: NetName=NetR203_DACA_1 Pin=R203_DACA-1
Added Pin To Net: NetName=NetR203_DACA_1 Pin=U201_DACA-4
Added Net: Name=NetR203_DACA_1
Added Pin To Net: NetName=NetR203_DACA_2 Pin=R203_DACA-2
Added Net: Name=NetR203_DACA_2
Added Pin To Net: NetName=NetR203_DACB_1 Pin=R203_DACB-1
Added Pin To Net: NetName=NetR203_DACB_1 Pin=U201_DACB-4
Added Net: Name=NetR203_DACB_1
Added Pin To Net: NetName=NetR203_DACB_2 Pin=R203_DACB-2
Added Net: Name=NetR203_DACB_2
Added Pin To Net: NetName=NetR204_DACA_1 Pin=R204_DACA-1
Added Pin To Net: NetName=NetR204_DACA_1 Pin=U201_DACA-8
Added Net: Name=NetR204_DACA_1
Added Pin To Net: NetName=NetR204_DACA_2 Pin=R204_DACA-2
Added Net: Name=NetR204_DACA_2
Added Pin To Net: NetName=NetR204_DACB_1 Pin=R204_DACB-1
Added Pin To Net: NetName=NetR204_DACB_1 Pin=U201_DACB-8
Added Net: Name=NetR204_DACB_1
Added Pin To Net: NetName=NetR204_DACB_2 Pin=R204_DACB-2
Added Net: Name=NetR204_DACB_2
Added Pin To Net: NetName=NetR206_DACA_1 Pin=R206_DACA-1
Added Pin To Net: NetName=NetR206_DACA_1 Pin=U201_DACA-9
Added Net: Name=NetR206_DACA_1
Added Pin To Net: NetName=NetR206_DACA_2 Pin=R206_DACA-2
Added Net: Name=NetR206_DACA_2
Added Pin To Net: NetName=NetR206_DACB_1 Pin=R206_DACB-1
Added Pin To Net: NetName=NetR206_DACB_1 Pin=U201_DACB-9
Added Net: Name=NetR206_DACB_1
Added Pin To Net: NetName=NetR206_DACB_2 Pin=R206_DACB-2
Added Net: Name=NetR206_DACB_2
Added Pin To Net: NetName=NetR207_DACA_1 Pin=R207_DACA-1
Added Pin To Net: NetName=NetR207_DACA_1 Pin=R208_DACA-1
Added Pin To Net: NetName=NetR207_DACA_1 Pin=U201_DACA-12
Added Net: Name=NetR207_DACA_1
Added Pin To Net: NetName=NetR207_DACB_1 Pin=R207_DACB-1
Added Pin To Net: NetName=NetR207_DACB_1 Pin=R208_DACB-1
Added Pin To Net: NetName=NetR207_DACB_1 Pin=U201_DACB-12
Added Net: Name=NetR207_DACB_1
Added Pin To Net: NetName=NetR210_DACA_1 Pin=R210_DACA-1
Added Pin To Net: NetName=NetR210_DACA_1 Pin=R212_DACA-1
Added Pin To Net: NetName=NetR210_DACA_1 Pin=U201_DACA-17
Added Net: Name=NetR210_DACA_1
Added Pin To Net: NetName=NetR210_DACB_1 Pin=R210_DACB-1
Added Pin To Net: NetName=NetR210_DACB_1 Pin=R212_DACB-1
Added Pin To Net: NetName=NetR210_DACB_1 Pin=U201_DACB-17
Added Net: Name=NetR210_DACB_1
Added Pin To Net: NetName=NetU201_DACA_2 Pin=U201_DACA-2
Added Pin To Net: NetName=NetU201_DACA_2 Pin=U201_DACB-2
Added Net: Name=NetU201_DACA_2
Added Net: Name=PCIE1_C_FB
Added Net: Name=PCIE1_CLK_N
Added Net: Name=PCIE1_CLK_P
Added Net: Name=PCIE1_RX_N
Added Net: Name=PCIE1_RX_P
Added Net: Name=PCIE1_SMCLK
Added Net: Name=PCIE1_SMDAT
Added Net: Name=PCIE1_TX_N
Added Net: Name=PCIE1_TX_P
Added Net: Name=PCIE1_UIM_CLK
Added Net: Name=PCIE1_UIM_DATA
Added Net: Name=PCIE1_UIM_PWR
Added Net: Name=PCIE1_UIM_RESET
Added Net: Name=PCIE1_UIM_VPP
Added Net: Name=PCIE1_WAKE#
Added Net: Name=PCIE1_WDISABLE#_R
Added Net: Name=PCIE1_WDISABLE#
Added Net: Name=PCIE1_WLAN#
Added Net: Name=PCIE1_WPAN#
Added Net: Name=PCIE1_WWAN#
Added Net: Name=PMIC_EN_5V
Added Net: Name=PMIC_EN
Added Net: Name=POWER_ENABLE_MOCI
Added Net: Name=PWM1
Added Net: Name=PWM2
Added Net: Name=PWM3
Added Net: Name=PWM4
Added Net: Name=PWM_BKL1
Added Net: Name=PWR_BTN#
Added Net: Name=PWR_CTRL
Added Net: Name=PWR_EN#
Added Net: Name=PWR_IN
Added Net: Name=RECOVERY_MODE#
Added Net: Name=RESET_MICO#
Added Net: Name=RESET_MOCI#
Added Net: Name=RESET_MOCI_EDT#
Added Net: Name=RESET_MOCI_LED
Added Net: Name=RESET_MOCI
Added Net: Name=SATA1_mSATA_ACT#
Added Net: Name=SATA1_mSATA_ACT_LED
Added Net: Name=SATA1_mSATA_ACT
Added Net: Name=SATA1_mSATA_SCL
Added Net: Name=SATA1_mSATA_SDA
Added Net: Name=SATA1_RX_N
Added Net: Name=SATA1_RX_P
Added Net: Name=SATA1_TX_N
Added Net: Name=SATA1_TX_P
Added Net: Name=SHIELD1
Added Net: Name=SHIELD2
Added Net: Name=SPI1_CLK
Added Net: Name=SPI1_CS
Added Net: Name=SPI1_MISO
Added Net: Name=SPI1_MOSI
Added Net: Name=SPI2_CLK
Added Net: Name=SPI2_CS
Added Net: Name=SPI2_MISO
Added Net: Name=SPI2_MOSI
Added Net: Name=UART1_CTS
Added Net: Name=UART1_DCD
Added Net: Name=UART1_DSR
Added Net: Name=UART1_DTR
Added Net: Name=UART1_RI
Added Net: Name=UART1_RS232_CTS
Added Net: Name=UART1_RS232_DCD
Added Net: Name=UART1_RS232_DSR
Added Net: Name=UART1_RS232_DTR
Added Net: Name=UART1_RS232_RI
Added Net: Name=UART1_RS232_RTS
Added Net: Name=UART1_RS232_RXD
Added Net: Name=UART1_RS232_TXD
Added Net: Name=UART1_RTS
Added Net: Name=UART1_RXD
Added Net: Name=UART1_TXD
Added Net: Name=UART2/3_RS232_FOFF#
Added Net: Name=UART2_CTS
Added Net: Name=UART2_RS232_CTS
Added Net: Name=UART2_RS232_RTS
Added Net: Name=UART2_RS232_RXD
Added Net: Name=UART2_RS232_TXD
Added Net: Name=UART2_RTS
Added Net: Name=UART2_RXD
Added Net: Name=UART2_TXD
Added Net: Name=UART3_RS232_RXD
Added Net: Name=UART3_RS232_TXD
Added Net: Name=UART3_RXD_J
Added Net: Name=UART3_RXD
Added Net: Name=UART3_TXD
Added Net: Name=UART4_RXD
Added Net: Name=UART4_TXD
Added Net: Name=USBH2_D_N
Added Net: Name=USBH2_D_P
Added Net: Name=USBH3_D_N
Added Net: Name=USBH3_D_P
Added Net: Name=USBH4_D_CON_N
Added Net: Name=USBH4_D_CON_P
Added Net: Name=USBH4_D_N
Added Net: Name=USBH4_D_P
Added Net: Name=USBH4_SSRX_N
Added Net: Name=USBH4_SSRX_P
Added Net: Name=USBH4_SSTX_N
Added Net: Name=USBH4_SSTX_P
Added Net: Name=USBH_D_CON_N
Added Net: Name=USBH_D_CON_P
Added Net: Name=USBH_D_FILT_N
Added Net: Name=USBH_D_FILT_P
Added Net: Name=USBH_EN
Added Net: Name=USBH_OC#
Added Net: Name=USBH_PCIE_N
Added Net: Name=USBH_PCIE_P
Added Net: Name=USBO1_D_CL_N
Added Net: Name=USBO1_D_CL_P
Added Net: Name=USBO1_D_CON_N
Added Net: Name=USBO1_D_CON_P
Added Net: Name=USBO1_D_N
Added Net: Name=USBO1_D_P
Added Net: Name=USBO1_EN
Added Net: Name=USBO1_ID
Added Net: Name=USBO1_OC#
Added Net: Name=USBO1_SSRX_N
Added Net: Name=USBO1_SSRX_P
Added Net: Name=USBO1_SSTX_N
Added Net: Name=USBO1_SSTX_P
Added Net: Name=USBO1_VBUS
Added Net: Name=V5FILT
Added Net: Name=V_FAN_UNREG
Added Net: Name=V_SUPPLY_FILT_SW
Added Net: Name=V_SUPPLY_FILT
Added Net: Name=V_SUPPLY_SW_EN#
Added Net: Name=V_SUPPLY_SW_EN_R
Added Net: Name=V_SUPPLY_SW_EN
Added Net: Name=VCC_BATT
Added Net: Name=VCC_EXTRTC
Added Net: Name=VCC_INTRTC
Added Net: Name=VCC_RTC
Added Net: Name=VCC_USBH2
Added Net: Name=VCC_USBH4
Added Net: Name=VCC_USBO1
Added Net: Name=VREF2
Added Net: Name=VREG3
Added Net: Name=VREG5
Added Net: Name=VSTB
Added Net: Name=WAKE1_MICO#
Added Class: Name=Audio Power Supply
Added Class: Name=Ethernet
Added Class: Name=Extension
Added Class: Name=PCI_Express
Added Class: Name=Power_Supply
Added Class: Name=Power_Switch
Added Class: Name=RGB_Display
Added Class: Name=RTC
Added Class: Name=Sata
Added Class: Name=Serial
Added Class: Name=USB_Connectors
Added Class: Name=USB
Added Class: Name=AN1_TOUCH[0..3]
Added Class: Name=GPIO[1..8]
Added Class: Name=SYSTEM_CTRL[0..3]
Added Class: Name=UART[0..16]
Added Class: Name=USB_CTRL[0..5]
Added Class: Name=USBH2_[0..1]
Added Class: Name=USBH3_[0..1]
Added Class: Name=USBH4_[0..5]
Added Class: Name=USBO1_[0..5]
Added Differential Pair: Name=ETH1_MDI0
Added Differential Pair: Name=ETH1_MDI1
Added Differential Pair: Name=ETH1_MDI2
Added Differential Pair: Name=ETH1_MDI3
Added Differential Pair: Name=PCIE1_CLK
Added Differential Pair: Name=PCIE1_RX
Added Differential Pair: Name=PCIE1_TX
Added Differential Pair: Name=SATA1_RX
Added Differential Pair: Name=SATA1_TX
Added Differential Pair: Name=USBH2_D
Added Differential Pair: Name=USBH3_D
Added Differential Pair: Name=USBH4_D_CON
Added Differential Pair: Name=USBH4_D
Added Differential Pair: Name=USBH4_SSRX
Added Differential Pair: Name=USBH4_SSTX
Added Differential Pair: Name=USBH_D_CON
Added Differential Pair: Name=USBH_D_FILT
Added Differential Pair: Name=USBH_PCIE
Added Differential Pair: Name=USBO1_D_CL
Added Differential Pair: Name=USBO1_D_CON
Added Differential Pair: Name=USBO1_D
Added Differential Pair: Name=USBO1_SSRX
Added Differential Pair: Name=USBO1_SSTX
Added Member To Class: ClassName=DACA Member=Component C200_DACA (C200) 10F
Added Member To Class: ClassName=DACB Member=Component C200_DACB (C200) 10F
Added Member To Class: ClassName=DACA Member=Component C201_DACA (C201) 100nF
Added Member To Class: ClassName=DACB Member=Component C201_DACB (C201) 100nF
Added Member To Class: ClassName=DACA Member=Component C202_DACA (C202) 10F
Added Member To Class: ClassName=DACB Member=Component C202_DACB (C202) 10F
Added Member To Class: ClassName=DACA Member=Component C203_DACA (C203) 100nF
Added Member To Class: ClassName=DACB Member=Component C203_DACB (C203) 100nF
Added Member To Class: ClassName=DACA Member=Component C204_DACA (C204) 100nF
Added Member To Class: ClassName=DACB Member=Component C204_DACB (C204) 100nF
Added Member To Class: ClassName=DACA Member=Component C205_DACA (C205) 10F
Added Member To Class: ClassName=DACB Member=Component C205_DACB (C205) 10F
Added Member To Class: ClassName=DACA Member=Component C206_DACA (C206) 10F
Added Member To Class: ClassName=DACB Member=Component C206_DACB (C206) 10F
Added Member To Class: ClassName=DACA Member=Component C207_DACA (C207) 100nF
Added Member To Class: ClassName=DACB Member=Component C207_DACB (C207) 100nF
Added Member To Class: ClassName=DACA Member=Component C208_DACA (C208) 100nF
Added Member To Class: ClassName=DACB Member=Component C208_DACB (C208) 100nF
Added Member To Class: ClassName=DACA Member=Component C209_DACA (C209) 1F
Added Member To Class: ClassName=DACB Member=Component C209_DACB (C209) 1F
Added Member To Class: ClassName=DACA Member=Component C210_DACA (C210) 10F
Added Member To Class: ClassName=DACB Member=Component C210_DACB (C210) 10F
Added Member To Class: ClassName=DACA Member=Component C211_DACA (C211) 100nF
Added Member To Class: ClassName=DACB Member=Component C211_DACB (C211) 100nF
Added Member To Class: ClassName=DACA Member=Component C212_DACA (C212) 10F
Added Member To Class: ClassName=DACB Member=Component C212_DACB (C212) 10F
Added Member To Class: ClassName=DACA Member=Component C213_DACA (C213) 100nF
Added Member To Class: ClassName=DACB Member=Component C213_DACB (C213) 100nF
Added Member To Class: ClassName=DACA Member=Component C214_DACA (C214) 100nF
Added Member To Class: ClassName=DACB Member=Component C214_DACB (C214) 100nF
Added Member To Class: ClassName=DACA Member=Component C215_DACA (C215) 10F
Added Member To Class: ClassName=DACB Member=Component C215_DACB (C215) 10F
Added Member To Class: ClassName=DACA Member=Component C216_DACA (C216) 10F
Added Member To Class: ClassName=DACB Member=Component C216_DACB (C216) 10F
Added Member To Class: ClassName=DACA Member=Component C217_DACA (C217) 100nF
Added Member To Class: ClassName=DACB Member=Component C217_DACB (C217) 100nF
Added Member To Class: ClassName=DACA Member=Component C218_DACA (C218) 47nF
Added Member To Class: ClassName=DACB Member=Component C218_DACB (C218) 47nF
Added Member To Class: ClassName=DACA Member=Component C219_DACA (C219) 33nF
Added Member To Class: ClassName=DACB Member=Component C219_DACB (C219) 33nF
Added Member To Class: ClassName=DACA Member=Component C220_DACA (C220) 270pF
Added Member To Class: ClassName=DACB Member=Component C220_DACB (C220) 270pF
Added Member To Class: ClassName=DACA Member=Component C221_DACA (C221) 100nF
Added Member To Class: ClassName=DACB Member=Component C221_DACB (C221) 100nF
Added Member To Class: ClassName=DACA Member=Component C222_DACA (C222) 470F
Added Member To Class: ClassName=DACB Member=Component C222_DACB (C222) 470F
Added Member To Class: ClassName=DACA Member=Component C223_DACA (C223) 100F
Added Member To Class: ClassName=DACB Member=Component C223_DACB (C223) 100F
Added Member To Class: ClassName=DACA Member=Component C224_DACA (C224) 100F
Added Member To Class: ClassName=DACB Member=Component C224_DACB (C224) 100F
Added Member To Class: ClassName=DACA Member=Component C225_DACA (C225) 1.1nF
Added Member To Class: ClassName=DACB Member=Component C225_DACB (C225) 1.1nF
Added Member To Class: ClassName=DACA Member=Component C226_DACA (C226) 10F
Added Member To Class: ClassName=DACB Member=Component C226_DACB (C226) 10F
Added Member To Class: ClassName=DACA Member=Component C227_DACA (C227) 47nF
Added Member To Class: ClassName=DACB Member=Component C227_DACB (C227) 47nF
Added Member To Class: ClassName=DACA Member=Component C228_DACA (C228) 10F
Added Member To Class: ClassName=DACB Member=Component C228_DACB (C228) 10F
Added Member To Class: ClassName=DACA Member=Component C229_DACA (C229) 270pF
Added Member To Class: ClassName=DACB Member=Component C229_DACB (C229) 270pF
Added Member To Class: ClassName=DACA Member=Component C230_DACA (C230) 100F
Added Member To Class: ClassName=DACB Member=Component C230_DACB (C230) 100F
Added Member To Class: ClassName=DACA Member=Component C231_DACA (C231) 100nF
Added Member To Class: ClassName=DACB Member=Component C231_DACB (C231) 100nF
Added Member To Class: ClassName=DACA Member=Component C232_DACA (C232) 100F
Added Member To Class: ClassName=DACB Member=Component C232_DACB (C232) 100F
Added Member To Class: ClassName=DACA Member=Component C233_DACA (C233) 470F
Added Member To Class: ClassName=DACB Member=Component C233_DACB (C233) 470F
Added Member To Class: ClassName=DACA Member=Component C234_DACA (C234) 33nF
Added Member To Class: ClassName=DACB Member=Component C234_DACB (C234) 33nF
Added Member To Class: ClassName=DACA Member=Component R200_DACA (R200) 22?
Added Member To Class: ClassName=DACB Member=Component R200_DACB (R200) 22?
Added Member To Class: ClassName=DACA Member=Component R201_DACA (R201) 22?
Added Member To Class: ClassName=DACB Member=Component R201_DACB (R201) 22?
Added Member To Class: ClassName=DACA Member=Component R202_DACA (R202) 22?
Added Member To Class: ClassName=DACB Member=Component R202_DACB (R202) 22?
Added Member To Class: ClassName=DACA Member=Component R203_DACA (R203) 22?
Added Member To Class: ClassName=DACB Member=Component R203_DACB (R203) 22?
Added Member To Class: ClassName=DACA Member=Component R204_DACA (R204) 22?
Added Member To Class: ClassName=DACB Member=Component R204_DACB (R204) 22?
Added Member To Class: ClassName=DACA Member=Component R205_DACA (R205) 16?
Added Member To Class: ClassName=DACB Member=Component R205_DACB (R205) 16?
Added Member To Class: ClassName=DACA Member=Component R206_DACA (R206) 22?
Added Member To Class: ClassName=DACB Member=Component R206_DACB (R206) 22?
Added Member To Class: ClassName=DACA Member=Component R207_DACA (R207) 10k?
Added Member To Class: ClassName=DACB Member=Component R207_DACB (R207) 10k?
Added Member To Class: ClassName=DACA Member=Component R208_DACA (R208) 10k?
Added Member To Class: ClassName=DACB Member=Component R208_DACB (R208) 10k?
Added Member To Class: ClassName=DACA Member=Component R209_DACA (R209) 191?
Added Member To Class: ClassName=DACB Member=Component R209_DACB (R209) 191?
Added Member To Class: ClassName=DACA Member=Component R210_DACA (R210) 10k?
Added Member To Class: ClassName=DACB Member=Component R210_DACB (R210) 10k?
Added Member To Class: ClassName=DACA Member=Component R211_DACA (R211) 10?
Added Member To Class: ClassName=DACB Member=Component R211_DACB (R211) 10?
Added Member To Class: ClassName=DACA Member=Component R212_DACA (R212) 10k?
Added Member To Class: ClassName=DACB Member=Component R212_DACB (R212) 10k?
Added Member To Class: ClassName=DACA Member=Component R213_DACA (R213) 191?
Added Member To Class: ClassName=DACB Member=Component R213_DACB (R213) 191?
Added Member To Class: ClassName=DACA Member=Component R214_DACA (R214) 110?
Added Member To Class: ClassName=DACB Member=Component R214_DACB (R214) 110?
Added Member To Class: ClassName=DACA Member=Component R215_DACA (R215) 56?
Added Member To Class: ClassName=DACB Member=Component R215_DACB (R215) 56?
Added Member To Class: ClassName=DACA Member=Component R216_DACA (R216) 10k?
Added Member To Class: ClassName=DACB Member=Component R216_DACB (R216) 10k?
Added Member To Class: ClassName=DACA Member=Component R217_DACA (R217) 56?
Added Member To Class: ClassName=DACB Member=Component R217_DACB (R217) 56?
Added Member To Class: ClassName=DACA Member=Component R218_DACA (R218) 10?
Added Member To Class: ClassName=DACB Member=Component R218_DACB (R218) 10?
Added Member To Class: ClassName=DACA Member=Component R219_DACA (R219) 191?
Added Member To Class: ClassName=DACB Member=Component R219_DACB (R219) 191?
Added Member To Class: ClassName=DACA Member=Component R220_DACA (R220) 110?
Added Member To Class: ClassName=DACB Member=Component R220_DACB (R220) 110?
Added Member To Class: ClassName=DACA Member=Component R221_DACA (R221) 10?
Added Member To Class: ClassName=DACB Member=Component R221_DACB (R221) 10?
Added Member To Class: ClassName=DACA Member=Component R222_DACA (R222) 56?
Added Member To Class: ClassName=DACB Member=Component R222_DACB (R222) 56?
Added Member To Class: ClassName=DACA Member=Component R223_DACA (R223) 191?
Added Member To Class: ClassName=DACB Member=Component R223_DACB (R223) 191?
Added Member To Class: ClassName=DACA Member=Component R224_DACA (R224) 10k?
Added Member To Class: ClassName=DACB Member=Component R224_DACB (R224) 10k?
Added Member To Class: ClassName=DACA Member=Component R225_DACA (R225) 10k?
Added Member To Class: ClassName=DACB Member=Component R225_DACB (R225) 10k?
Added Member To Class: ClassName=DACA Member=Component R226_DACA (R226) 56?
Added Member To Class: ClassName=DACB Member=Component R226_DACB (R226) 56?
Added Member To Class: ClassName=DACA Member=Component R227_DACA (R227) 10?
Added Member To Class: ClassName=DACB Member=Component R227_DACB (R227) 10?
Added Member To Class: ClassName=DACA Member=Component R228_DACA (R228) 16?
Added Member To Class: ClassName=DACB Member=Component R228_DACB (R228) 16?
Added Member To Class: ClassName=DACA Member=Component R229_DACA (R229) 10k?
Added Member To Class: ClassName=DACB Member=Component R229_DACB (R229) 10k?
Added Member To Class: ClassName=DACA Member=Component U200_DACA (U200A) OPA1612
Added Member To Class: ClassName=DACB Member=Component U200_DACB (U200A) OPA1612
Added Member To Class: ClassName=DACA Member=Component U201_DACA (U201A) AK4493
Added Member To Class: ClassName=DACB Member=Component U201_DACB (U201A) AK4493
Added Member To Class: ClassName=DACA Member=Component U202_DACA (U202A) OPA1611
Added Member To Class: ClassName=DACB Member=Component U202_DACB (U202A) OPA1611
Added Room: Name=Audio Power Supply
Added Room: Name=DACA
Added Room: Name=DACB
Added Room: Name=Ethernet
Added Room: Name=Extension
Added Room: Name=PCI_Express
Added Room: Name=Power_Supply
Added Room: Name=Power_Switch
Added Room: Name=RGB_Display
Added Room: Name=RTC
Added Room: Name=Sata
Added Room: Name=Serial
Added Room: Name=USB
Added Room: Name=USB_Connectors
