Change Component Footprint: Designator=C219_DACA Old Footprint=SMD0402CAP New Footprint=CAP_WIMA_FKP2C
Change Component Footprint: Designator=C219_DACB Old Footprint=SMD0402CAP New Footprint=CAP_WIMA_FKP2C
Change Component Footprint: Designator=C234_DACA Old Footprint=SMD0402CAP New Footprint=CAP_WIMA_FKP2C
Change Component Footprint: Designator=C234_DACB Old Footprint=SMD0402CAP New Footprint=CAP_WIMA_FKP2C
Change Component Footprint: Designator=C218_DACA Old Footprint=SMD0603CAP New Footprint=CAP_WIMA_FKP2C
Change Component Footprint: Designator=C218_DACB Old Footprint=SMD0603CAP New Footprint=CAP_WIMA_FKP2C
Change Component Footprint: Designator=C227_DACA Old Footprint=SMD0603CAP New Footprint=CAP_WIMA_FKP2C
Change Component Footprint: Designator=C227_DACB Old Footprint=SMD0603CAP New Footprint=CAP_WIMA_FKP2C
Change Component Footprint: Designator=C220_DACA Old Footprint=SMD0603CAP New Footprint=CAP_WIMA_FKP2D
Change Component Footprint: Designator=C220_DACB Old Footprint=SMD0603CAP New Footprint=CAP_WIMA_FKP2D
Change Component Footprint: Designator=C225_DACA Old Footprint=SMD0603CAP New Footprint=CAP_WIMA_FKP2D
Change Component Footprint: Designator=C225_DACB Old Footprint=SMD0603CAP New Footprint=CAP_WIMA_FKP2D
Change Component Footprint: Designator=C229_DACA Old Footprint=SMD0603CAP New Footprint=CAP_WIMA_FKP2D
Change Component Footprint: Designator=C229_DACB Old Footprint=SMD0603CAP New Footprint=CAP_WIMA_FKP2D
Change Component Comment : Designator=C225_DACA Old Comment=1.1nF New Comment=1nF
Change Component Comment : Designator=C225_DACB Old Comment=1.1nF New Comment=1nF
Change Component Comment : Designator=R205_DACA Old Comment=16? New Comment=22?
Change Component Comment : Designator=R205_DACB Old Comment=16? New Comment=22?
Change Component Comment : Designator=R228_DACA Old Comment=16? New Comment=22?
Change Component Comment : Designator=R228_DACB Old Comment=16? New Comment=22?
Change Component Comment : Designator=C219_DACA Old Comment=33nF New Comment=22nF
Change Component Comment : Designator=C219_DACB Old Comment=33nF New Comment=22nF
Change Component Comment : Designator=C234_DACA Old Comment=33nF New Comment=22nF
Change Component Comment : Designator=C234_DACB Old Comment=33nF New Comment=22nF
Change Component Comment : Designator=C218_DACA Old Comment=47nF New Comment=33nF
Change Component Comment : Designator=C218_DACB Old Comment=47nF New Comment=33nF
Change Component Comment : Designator=C227_DACA Old Comment=47nF New Comment=33nF
Change Component Comment : Designator=C227_DACB Old Comment=47nF New Comment=33nF
Change Component Comment : Designator=R215_DACA Old Comment=56? New Comment=47?
Change Component Comment : Designator=R215_DACB Old Comment=56? New Comment=47?
Change Component Comment : Designator=R217_DACA Old Comment=56? New Comment=47?
Change Component Comment : Designator=R217_DACB Old Comment=56? New Comment=47?
Change Component Comment : Designator=R222_DACA Old Comment=56? New Comment=47?
Change Component Comment : Designator=R222_DACB Old Comment=56? New Comment=47?
Change Component Comment : Designator=R226_DACA Old Comment=56? New Comment=47?
Change Component Comment : Designator=R226_DACB Old Comment=56? New Comment=47?
Change Component Comment : Designator=R214_DACA Old Comment=110? New Comment=130?
Change Component Comment : Designator=R214_DACB Old Comment=110? New Comment=130?
Change Component Comment : Designator=R220_DACA Old Comment=110? New Comment=130?
Change Component Comment : Designator=R220_DACB Old Comment=110? New Comment=130?
Change Component Comment : Designator=R209_DACA Old Comment=191? New Comment=240?
Change Component Comment : Designator=R209_DACB Old Comment=191? New Comment=240?
Change Component Comment : Designator=R213_DACA Old Comment=191? New Comment=240?
Change Component Comment : Designator=R213_DACB Old Comment=191? New Comment=240?
Change Component Comment : Designator=R219_DACA Old Comment=191? New Comment=240?
Change Component Comment : Designator=R219_DACB Old Comment=191? New Comment=240?
Change Component Comment : Designator=R223_DACA Old Comment=191? New Comment=240?
Change Component Comment : Designator=R223_DACB Old Comment=191? New Comment=240?
Change Component Comment : Designator=C220_DACA Old Comment=270pF New Comment=220pF
Change Component Comment : Designator=C220_DACB Old Comment=270pF New Comment=220pF
Change Component Comment : Designator=C229_DACA Old Comment=270pF New Comment=220pF
Change Component Comment : Designator=C229_DACB Old Comment=270pF New Comment=220pF
Change component parameters: Designator = "C218_DACA"; Footprint = "CAP_WIMA_FKP2C"; UniqueID = "\1TFCYLDVI\NVMXESQR"
Change component parameters. Clean all parameters for all variants
Change component parameters (AddParameter): Name = "Voltage"; Value = "63V"; VariantName = "[No Variations]"
Change component parameters: Designator = "C218_DACB"; Footprint = "CAP_WIMA_FKP2C"; UniqueID = "\2TFCYLDVI\NVMXESQR"
Change component parameters. Clean all parameters for all variants
Change component parameters (AddParameter): Name = "Voltage"; Value = "63V"; VariantName = "[No Variations]"
Change component parameters: Designator = "C219_DACA"; Footprint = "CAP_WIMA_FKP2C"; UniqueID = "\1TFCYLDVI\BYUFGKTD"
Change component parameters. Clean all parameters for all variants
Change component parameters (AddParameter): Name = "Voltage"; Value = "100V"; VariantName = "[No Variations]"
Change component parameters: Designator = "C219_DACB"; Footprint = "CAP_WIMA_FKP2C"; UniqueID = "\2TFCYLDVI\BYUFGKTD"
Change component parameters. Clean all parameters for all variants
Change component parameters (AddParameter): Name = "Voltage"; Value = "100V"; VariantName = "[No Variations]"
Change component parameters: Designator = "C220_DACA"; Footprint = "CAP_WIMA_FKP2D"; UniqueID = "\1TFCYLDVI\YDJHVDPB"
Change component parameters. Clean all parameters for all variants
Change component parameters (AddParameter): Name = "Voltage"; Value = "100V"; VariantName = "[No Variations]"
Change component parameters: Designator = "C220_DACB"; Footprint = "CAP_WIMA_FKP2D"; UniqueID = "\2TFCYLDVI\YDJHVDPB"
Change component parameters. Clean all parameters for all variants
Change component parameters (AddParameter): Name = "Voltage"; Value = "100V"; VariantName = "[No Variations]"
Change component parameters: Designator = "C225_DACA"; Footprint = "CAP_WIMA_FKP2D"; UniqueID = "\1TFCYLDVI\RBWYQPYV"
Change component parameters. Clean all parameters for all variants
Change component parameters (AddParameter): Name = "Voltage"; Value = "100V"; VariantName = "[No Variations]"
Change component parameters: Designator = "C225_DACB"; Footprint = "CAP_WIMA_FKP2D"; UniqueID = "\2TFCYLDVI\RBWYQPYV"
Change component parameters. Clean all parameters for all variants
Change component parameters (AddParameter): Name = "Voltage"; Value = "100V"; VariantName = "[No Variations]"
Change component parameters: Designator = "C227_DACA"; Footprint = "CAP_WIMA_FKP2C"; UniqueID = "\1TFCYLDVI\LZIAGCYN"
Change component parameters. Clean all parameters for all variants
Change component parameters (AddParameter): Name = "Voltage"; Value = "63V"; VariantName = "[No Variations]"
Change component parameters: Designator = "C227_DACB"; Footprint = "CAP_WIMA_FKP2C"; UniqueID = "\2TFCYLDVI\LZIAGCYN"
Change component parameters. Clean all parameters for all variants
Change component parameters (AddParameter): Name = "Voltage"; Value = "63V"; VariantName = "[No Variations]"
Change component parameters: Designator = "C229_DACA"; Footprint = "CAP_WIMA_FKP2D"; UniqueID = "\1TFCYLDVI\MWGXCRDL"
Change component parameters. Clean all parameters for all variants
Change component parameters (AddParameter): Name = "Voltage"; Value = "100V"; VariantName = "[No Variations]"
Change component parameters: Designator = "C229_DACB"; Footprint = "CAP_WIMA_FKP2D"; UniqueID = "\2TFCYLDVI\MWGXCRDL"
Change component parameters. Clean all parameters for all variants
Change component parameters (AddParameter): Name = "Voltage"; Value = "100V"; VariantName = "[No Variations]"
Change component parameters: Designator = "C234_DACA"; Footprint = "CAP_WIMA_FKP2C"; UniqueID = "\1TFCYLDVI\HLRFOUHH"
Change component parameters. Clean all parameters for all variants
Change component parameters (AddParameter): Name = "Voltage"; Value = "100V"; VariantName = "[No Variations]"
Change component parameters: Designator = "C234_DACB"; Footprint = "CAP_WIMA_FKP2C"; UniqueID = "\2TFCYLDVI\HLRFOUHH"
Change component parameters. Clean all parameters for all variants
Change component parameters (AddParameter): Name = "Voltage"; Value = "100V"; VariantName = "[No Variations]"
